1610520622865	geckodriver	INFO	Listening on 127.0.0.1:58102
1610520625931	mozrunner::runner	INFO	Running command: "C:\\Program Files\\Mozilla Firefox\\firefox.exe" "--marionette" "-foreground" "-no-remote" "-profile" "C:\\Users\\ieefls\\AppData\\Local\\Temp\\rust_mozprofileT1MaLy"
Can't find symbol 'eglSwapBuffersWithDamageEXT'.
Can't find symbol 'eglSetDamageRegionKHR'.
console.warn: SearchSettings: "get: No settings file exists, new profile?" (new Error("", "(unknown module)"))
1610520627963	Marionette	INFO	Listening on port 58110
1610520628043	Marionette	WARN	TLS certificate errors will be ignored for this session
JavaScript error: http://www.mryu.top/?plugin=archiver, line 80: ReferenceError: jQuery is not defined
JavaScript error: http://www.mryu.top/?plugin=archiver, line 80: ReferenceError: jQuery is not defined
JavaScript error: http://www.mryu.top/content/plugins/kl_slimbox/kl_slimbox/slimbox.js, line 6: ReferenceError: jQuery is not defined
JavaScript error: http://www.mryu.top/read.html, line 1743: ReferenceError: jQuery is not defined
JavaScript error: http://www.mryu.top/content/plugins/kl_slimbox/kl_slimbox/slimbox.js, line 6: ReferenceError: jQuery is not defined
JavaScript error: http://www.mryu.top/read.html, line 1743: ReferenceError: jQuery is not defined
JavaScript error: http://www.mryu.top/content/plugins/kl_slimbox/kl_slimbox/slimbox.js, line 6: ReferenceError: jQuery is not defined
JavaScript error: http://www.mryu.top/about.html, line 376: ReferenceError: jQuery is not defined
JavaScript error: http://www.mryu.top/content/plugins/kl_slimbox/kl_slimbox/slimbox.js, line 6: ReferenceError: jQuery is not defined
JavaScript error: http://www.mryu.top/about.html, line 376: ReferenceError: jQuery is not defined
JavaScript error: http://www.mryu.top/content/plugins/kl_slimbox/kl_slimbox/slimbox.js, line 6: ReferenceError: jQuery is not defined
JavaScript error: http://www.mryu.top/life/332.html, line 269: ReferenceError: jQuery is not defined
JavaScript error: http://static.bshare.cn/b/button.js#style=-1&uuid=&pophcol=2&lang=zh, line 3: TypeError: a is undefined
JavaScript error: http://www.mryu.top/content/plugins/kl_slimbox/kl_slimbox/slimbox.js, line 6: ReferenceError: jQuery is not defined
JavaScript error: http://www.mryu.top/life/332.html, line 269: ReferenceError: jQuery is not defined
JavaScript error: http://www.mryu.top/content/plugins/kl_slimbox/kl_slimbox/slimbox.js, line 6: ReferenceError: jQuery is not defined
JavaScript error: http://www.mryu.top/life/332.html, line 269: ReferenceError: jQuery is not defined
JavaScript error: http://www.mryu.top/content/plugins/kl_slimbox/kl_slimbox/slimbox.js, line 6: ReferenceError: jQuery is not defined
JavaScript error: http://www.mryu.top/life/332.html, line 269: ReferenceError: jQuery is not defined
JavaScript error: http://www.mryu.top/content/plugins/kl_slimbox/kl_slimbox/slimbox.js, line 6: ReferenceError: jQuery is not defined
JavaScript error: http://www.mryu.top/life/332.html, line 269: ReferenceError: jQuery is not defined
JavaScript error: http://www.mryu.top/content/plugins/kl_slimbox/kl_slimbox/slimbox.js, line 6: ReferenceError: jQuery is not defined
JavaScript error: http://www.mryu.top/life/332.html, line 269: ReferenceError: jQuery is not defined
JavaScript error: http://www.mryu.top/content/plugins/kl_slimbox/kl_slimbox/slimbox.js, line 6: ReferenceError: jQuery is not defined
JavaScript error: http://www.mryu.top/life/332.html, line 269: ReferenceError: jQuery is not defined
JavaScript error: http://www.mryu.top/content/plugins/kl_slimbox/kl_slimbox/slimbox.js, line 6: ReferenceError: jQuery is not defined
JavaScript error: http://www.mryu.top/life/332.html, line 269: ReferenceError: jQuery is not defined
JavaScript error: http://www.mryu.top/content/plugins/kl_slimbox/kl_slimbox/slimbox.js, line 6: ReferenceError: jQuery is not defined
JavaScript error: http://www.mryu.top/notes/330.html, line 259: ReferenceError: jQuery is not defined
JavaScript error: http://www.mryu.top/content/plugins/kl_slimbox/kl_slimbox/slimbox.js, line 6: ReferenceError: jQuery is not defined
JavaScript error: http://www.mryu.top/notes/330.html, line 259: ReferenceError: jQuery is not defined
JavaScript error: http://www.mryu.top/content/plugins/kl_slimbox/kl_slimbox/slimbox.js, line 6: ReferenceError: jQuery is not defined
JavaScript error: http://www.mryu.top/notes/330.html, line 259: ReferenceError: jQuery is not defined
JavaScript error: http://www.mryu.top/content/plugins/kl_slimbox/kl_slimbox/slimbox.js, line 6: ReferenceError: jQuery is not defined
JavaScript error: http://www.mryu.top/notes/330.html, line 259: ReferenceError: jQuery is not defined
JavaScript error: http://www.mryu.top/content/plugins/kl_slimbox/kl_slimbox/slimbox.js, line 6: ReferenceError: jQuery is not defined
JavaScript error: http://www.mryu.top/notes/330.html, line 259: ReferenceError: jQuery is not defined
JavaScript error: http://www.mryu.top/content/plugins/kl_slimbox/kl_slimbox/slimbox.js, line 6: ReferenceError: jQuery is not defined
JavaScript error: http://www.mryu.top/notes/330.html, line 259: ReferenceError: jQuery is not defined
JavaScript error: http://www.mryu.top/content/plugins/kl_slimbox/kl_slimbox/slimbox.js, line 6: ReferenceError: jQuery is not defined
JavaScript error: http://www.mryu.top/notes/330.html, line 259: ReferenceError: jQuery is not defined
JavaScript error: http://www.mryu.top/content/plugins/kl_slimbox/kl_slimbox/slimbox.js, line 6: ReferenceError: jQuery is not defined
JavaScript error: http://www.mryu.top/notes/330.html, line 259: ReferenceError: jQuery is not defined
JavaScript error: http://www.mryu.top/content/plugins/kl_slimbox/kl_slimbox/slimbox.js, line 6: ReferenceError: jQuery is not defined
JavaScript error: http://www.mryu.top/notes/329.html, line 314: ReferenceError: jQuery is not defined
JavaScript error: http://www.mryu.top/content/plugins/kl_slimbox/kl_slimbox/slimbox.js, line 6: ReferenceError: jQuery is not defined
JavaScript error: http://www.mryu.top/notes/329.html, line 314: ReferenceError: jQuery is not defined
JavaScript error: http://www.mryu.top/content/plugins/kl_slimbox/kl_slimbox/slimbox.js, line 6: ReferenceError: jQuery is not defined
JavaScript error: http://www.mryu.top/notes/329.html, line 314: ReferenceError: jQuery is not defined
JavaScript error: http://www.mryu.top/content/plugins/kl_slimbox/kl_slimbox/slimbox.js, line 6: ReferenceError: jQuery is not defined
JavaScript error: http://www.mryu.top/notes/329.html, line 314: ReferenceError: jQuery is not defined
JavaScript error: http://www.mryu.top/content/plugins/kl_slimbox/kl_slimbox/slimbox.js, line 6: ReferenceError: jQuery is not defined
JavaScript error: http://www.mryu.top/notes/329.html, line 314: ReferenceError: jQuery is not defined
JavaScript error: http://www.mryu.top/content/plugins/kl_slimbox/kl_slimbox/slimbox.js, line 6: ReferenceError: jQuery is not defined
JavaScript error: http://www.mryu.top/notes/329.html, line 314: ReferenceError: jQuery is not defined
JavaScript error: http://www.mryu.top/content/plugins/kl_slimbox/kl_slimbox/slimbox.js, line 6: ReferenceError: jQuery is not defined
JavaScript error: http://www.mryu.top/notes/329.html, line 314: ReferenceError: jQuery is not defined
JavaScript error: http://www.mryu.top/content/plugins/kl_slimbox/kl_slimbox/slimbox.js, line 6: ReferenceError: jQuery is not defined
JavaScript error: http://www.mryu.top/notes/329.html, line 314: ReferenceError: jQuery is not defined
JavaScript error: http://www.mryu.top/content/plugins/kl_slimbox/kl_slimbox/slimbox.js, line 6: ReferenceError: jQuery is not defined
JavaScript error: http://www.mryu.top/notes/328.html, line 353: ReferenceError: jQuery is not defined
JavaScript error: http://www.mryu.top/content/plugins/kl_slimbox/kl_slimbox/slimbox.js, line 6: ReferenceError: jQuery is not defined
JavaScript error: http://www.mryu.top/notes/328.html, line 353: ReferenceError: jQuery is not defined
JavaScript error: http://www.mryu.top/content/plugins/kl_slimbox/kl_slimbox/slimbox.js, line 6: ReferenceError: jQuery is not defined
JavaScript error: http://www.mryu.top/notes/328.html, line 353: ReferenceError: jQuery is not defined
JavaScript error: http://www.mryu.top/content/plugins/kl_slimbox/kl_slimbox/slimbox.js, line 6: ReferenceError: jQuery is not defined
JavaScript error: http://www.mryu.top/notes/328.html, line 353: ReferenceError: jQuery is not defined
JavaScript error: http://www.mryu.top/content/plugins/kl_slimbox/kl_slimbox/slimbox.js, line 6: ReferenceError: jQuery is not defined
JavaScript error: http://www.mryu.top/notes/328.html, line 353: ReferenceError: jQuery is not defined
JavaScript error: http://www.mryu.top/content/plugins/kl_slimbox/kl_slimbox/slimbox.js, line 6: ReferenceError: jQuery is not defined
JavaScript error: http://www.mryu.top/notes/328.html, line 353: ReferenceError: jQuery is not defined
JavaScript error: http://www.mryu.top/content/plugins/kl_slimbox/kl_slimbox/slimbox.js, line 6: ReferenceError: jQuery is not defined
JavaScript error: http://www.mryu.top/notes/328.html, line 353: ReferenceError: jQuery is not defined
JavaScript error: http://www.mryu.top/content/plugins/kl_slimbox/kl_slimbox/slimbox.js, line 6: ReferenceError: jQuery is not defined
JavaScript error: http://www.mryu.top/notes/328.html, line 353: ReferenceError: jQuery is not defined
JavaScript error: http://www.mryu.top/content/plugins/kl_slimbox/kl_slimbox/slimbox.js, line 6: ReferenceError: jQuery is not defined
JavaScript error: http://www.mryu.top/code/327.html, line 357: ReferenceError: jQuery is not defined
JavaScript error: http://www.mryu.top/content/plugins/kl_slimbox/kl_slimbox/slimbox.js, line 6: ReferenceError: jQuery is not defined
JavaScript error: http://www.mryu.top/code/327.html, line 357: ReferenceError: jQuery is not defined
JavaScript error: http://www.mryu.top/content/plugins/kl_slimbox/kl_slimbox/slimbox.js, line 6: ReferenceError: jQuery is not defined
JavaScript error: http://www.mryu.top/code/327.html, line 357: ReferenceError: jQuery is not defined
JavaScript error: http://www.mryu.top/content/plugins/kl_slimbox/kl_slimbox/slimbox.js, line 6: ReferenceError: jQuery is not defined
JavaScript error: http://www.mryu.top/code/327.html, line 357: ReferenceError: jQuery is not defined
JavaScript error: http://www.mryu.top/content/plugins/kl_slimbox/kl_slimbox/slimbox.js, line 6: ReferenceError: jQuery is not defined
JavaScript error: http://www.mryu.top/code/327.html, line 357: ReferenceError: jQuery is not defined
JavaScript error: http://www.mryu.top/content/plugins/kl_slimbox/kl_slimbox/slimbox.js, line 6: ReferenceError: jQuery is not defined
JavaScript error: http://www.mryu.top/code/327.html, line 357: ReferenceError: jQuery is not defined
JavaScript error: http://www.mryu.top/content/plugins/kl_slimbox/kl_slimbox/slimbox.js, line 6: ReferenceError: jQuery is not defined
JavaScript error: http://www.mryu.top/code/327.html, line 357: ReferenceError: jQuery is not defined
JavaScript error: http://www.mryu.top/content/plugins/kl_slimbox/kl_slimbox/slimbox.js, line 6: ReferenceError: jQuery is not defined
JavaScript error: http://www.mryu.top/code/327.html, line 357: ReferenceError: jQuery is not defined
JavaScript error: http://www.mryu.top/content/plugins/kl_slimbox/kl_slimbox/slimbox.js, line 6: ReferenceError: jQuery is not defined
JavaScript error: http://www.mryu.top/life/326.html, line 245: ReferenceError: jQuery is not defined
JavaScript error: http://www.mryu.top/content/plugins/kl_slimbox/kl_slimbox/slimbox.js, line 6: ReferenceError: jQuery is not defined
JavaScript error: http://www.mryu.top/life/326.html, line 245: ReferenceError: jQuery is not defined
JavaScript error: http://www.mryu.top/content/plugins/kl_slimbox/kl_slimbox/slimbox.js, line 6: ReferenceError: jQuery is not defined
JavaScript error: http://www.mryu.top/life/326.html, line 245: ReferenceError: jQuery is not defined
JavaScript error: http://www.mryu.top/content/plugins/kl_slimbox/kl_slimbox/slimbox.js, line 6: ReferenceError: jQuery is not defined
JavaScript error: http://www.mryu.top/life/326.html, line 245: ReferenceError: jQuery is not defined
JavaScript error: http://www.mryu.top/content/plugins/kl_slimbox/kl_slimbox/slimbox.js, line 6: ReferenceError: jQuery is not defined
JavaScript error: http://www.mryu.top/life/326.html, line 245: ReferenceError: jQuery is not defined
JavaScript error: http://www.mryu.top/content/plugins/kl_slimbox/kl_slimbox/slimbox.js, line 6: ReferenceError: jQuery is not defined
JavaScript error: http://www.mryu.top/life/326.html, line 245: ReferenceError: jQuery is not defined
JavaScript error: http://www.mryu.top/content/plugins/kl_slimbox/kl_slimbox/slimbox.js, line 6: ReferenceError: jQuery is not defined
JavaScript error: http://www.mryu.top/life/326.html, line 245: ReferenceError: jQuery is not defined
JavaScript error: http://www.mryu.top/content/plugins/kl_slimbox/kl_slimbox/slimbox.js, line 6: ReferenceError: jQuery is not defined
JavaScript error: http://www.mryu.top/life/326.html, line 245: ReferenceError: jQuery is not defined
JavaScript error: http://www.mryu.top/content/plugins/kl_slimbox/kl_slimbox/slimbox.js, line 6: ReferenceError: jQuery is not defined
JavaScript error: http://www.mryu.top/books/325.html, line 1032: ReferenceError: jQuery is not defined
JavaScript error: http://www.mryu.top/content/plugins/kl_slimbox/kl_slimbox/slimbox.js, line 6: ReferenceError: jQuery is not defined
JavaScript error: http://www.mryu.top/books/325.html, line 1032: ReferenceError: jQuery is not defined
JavaScript error: http://www.mryu.top/content/plugins/kl_slimbox/kl_slimbox/slimbox.js, line 6: ReferenceError: jQuery is not defined
JavaScript error: http://www.mryu.top/books/325.html, line 1032: ReferenceError: jQuery is not defined
JavaScript error: http://www.mryu.top/content/plugins/kl_slimbox/kl_slimbox/slimbox.js, line 6: ReferenceError: jQuery is not defined
JavaScript error: http://www.mryu.top/books/325.html, line 1032: ReferenceError: jQuery is not defined
JavaScript error: http://www.mryu.top/content/plugins/kl_slimbox/kl_slimbox/slimbox.js, line 6: ReferenceError: jQuery is not defined
JavaScript error: http://www.mryu.top/books/325.html, line 1032: ReferenceError: jQuery is not defined
JavaScript error: http://www.mryu.top/content/plugins/kl_slimbox/kl_slimbox/slimbox.js, line 6: ReferenceError: jQuery is not defined
JavaScript error: http://www.mryu.top/books/325.html, line 1032: ReferenceError: jQuery is not defined
JavaScript error: http://www.mryu.top/content/plugins/kl_slimbox/kl_slimbox/slimbox.js, line 6: ReferenceError: jQuery is not defined
JavaScript error: http://www.mryu.top/books/325.html, line 1032: ReferenceError: jQuery is not defined
JavaScript error: http://www.mryu.top/content/plugins/kl_slimbox/kl_slimbox/slimbox.js, line 6: ReferenceError: jQuery is not defined
JavaScript error: http://www.mryu.top/books/325.html, line 1032: ReferenceError: jQuery is not defined
JavaScript error: resource://gre/modules/XULStore.jsm, line 66: Error: Can't find profile directory.
JavaScript error: resource://gre/modules/XULStore.jsm, line 66: Error: Can't find profile directory.
JavaScript error: resource://gre/modules/XULStore.jsm, line 66: Error: Can't find profile directory.
JavaScript error: resource://gre/modules/XULStore.jsm, line 66: Error: Can't find profile directory.
1610520950529	Marionette	INFO	Stopped listening on port 58110

###!!! [Child][RunMessage] Error: Channel closing: too late to send/recv, messages will be lost

