1610979674176	geckodriver	INFO	Listening on 127.0.0.1:55635
1610979677261	mozrunner::runner	INFO	Running command: "C:\\Program Files\\Mozilla Firefox\\firefox.exe" "--marionette" "-foreground" "-no-remote" "-profile" "C:\\Users\\ieefls\\AppData\\Local\\Temp\\rust_mozprofileFnYWDf"
Can't find symbol 'eglSwapBuffersWithDamageEXT'.
Can't find symbol 'eglSetDamageRegionKHR'.
console.warn: SearchSettings: "get: No settings file exists, new profile?" (new Error("", "(unknown module)"))
1610979681417	Marionette	INFO	Listening on port 55645
1610979681572	Marionette	WARN	TLS certificate errors will be ignored for this session
1610979681887	Marionette	INFO	Stopped listening on port 55645
JavaScript error: resource://activity-stream/lib/ASRouter.jsm, line 987: NS_ERROR_ILLEGAL_VALUE: Component returned failure code: 0x80070057 (NS_ERROR_ILLEGAL_VALUE) [nsIObserverService.removeObserver]
console.error: Region.jsm: "Error fetching region" (new TypeError("NetworkError when attempting to fetch resource.", ""))
console.error: Region.jsm: "Failed to fetch region" (new Error("NO_RESULT", "resource://gre/modules/Region.jsm", 376))

###!!! [Child][RunMessage] Error: Channel closing: too late to send/recv, messages will be lost

1610979761132	geckodriver	INFO	Listening on 127.0.0.1:55691
1610979764212	mozrunner::runner	INFO	Running command: "C:\\Program Files\\Mozilla Firefox\\firefox.exe" "--marionette" "-foreground" "-no-remote" "-profile" "C:\\Users\\ieefls\\AppData\\Local\\Temp\\rust_mozprofileFhWMjx"
Can't find symbol 'eglSwapBuffersWithDamageEXT'.
Can't find symbol 'eglSetDamageRegionKHR'.
console.warn: SearchSettings: "get: No settings file exists, new profile?" (new Error("", "(unknown module)"))
1610979767142	Marionette	INFO	Listening on port 55700
1610979767473	Marionette	WARN	TLS certificate errors will be ignored for this session
1610979882921	Marionette	INFO	Stopped listening on port 55700
JavaScript error: resource://gre/modules/Sqlite.jsm, line 1031: Error: Sqlite.jsm has been shutdown. Cannot open connection to: C:\Users\ieefls\AppData\Local\Temp\rust_mozprofileFhWMjx\protections.sqlite

###!!! [Child][RunMessage] Error: Channel closing: too late to send/recv, messages will be lost

