1581517853152	mozrunner::runner	INFO	Running command: "C:\\Program Files\\Mozilla Firefox\\firefox.exe" "-marionette" "-foreground" "-no-remote" "-profile" "C:\\Users\\Wayne\\AppData\\Local\\Temp\\rust_mozprofile.G8Vrxey7R6KM"
1581517854468	addons.webextension.doh-rollout@mozilla.org	WARN	Loading extension 'doh-rollout@mozilla.org': Reading manifest: Invalid extension permission: networkStatus
1581517854633	addons.webextension.screenshots@mozilla.org	WARN	Loading extension 'screenshots@mozilla.org': Reading manifest: Invalid extension permission: mozillaAddons
1581517854633	addons.webextension.screenshots@mozilla.org	WARN	Loading extension 'screenshots@mozilla.org': Reading manifest: Invalid extension permission: telemetry
1581517854633	addons.webextension.screenshots@mozilla.org	WARN	Loading extension 'screenshots@mozilla.org': Reading manifest: Invalid extension permission: resource://pdf.js/
1581517854634	addons.webextension.screenshots@mozilla.org	WARN	Loading extension 'screenshots@mozilla.org': Reading manifest: Invalid extension permission: about:reader*
JavaScript error: resource://gre/modules/XULStore.jsm, line 66: Error: Can't find profile directory.
1581517859589	Marionette	INFO	Listening on port 58021
1581517859980	Marionette	WARN	TLS certificate errors will be ignored for this session
1581517860191	Marionette	INFO	Stopped listening on port 58021

###!!! [Child][RunMessage] Error: Channel closing: too late to send/recv, messages will be lost


###!!! [Child][MessageChannel::SendAndWait] Error: Channel error: cannot send/recv

1581517924824	mozrunner::runner	INFO	Running command: "C:\\Program Files\\Mozilla Firefox\\firefox.exe" "-marionette" "-foreground" "-no-remote" "-profile" "C:\\Users\\Wayne\\AppData\\Local\\Temp\\rust_mozprofile.rSXsZN7bDytX"
1581517925562	addons.webextension.doh-rollout@mozilla.org	WARN	Loading extension 'doh-rollout@mozilla.org': Reading manifest: Invalid extension permission: networkStatus
1581517925705	addons.webextension.screenshots@mozilla.org	WARN	Loading extension 'screenshots@mozilla.org': Reading manifest: Invalid extension permission: mozillaAddons
1581517925705	addons.webextension.screenshots@mozilla.org	WARN	Loading extension 'screenshots@mozilla.org': Reading manifest: Invalid extension permission: telemetry
1581517925705	addons.webextension.screenshots@mozilla.org	WARN	Loading extension 'screenshots@mozilla.org': Reading manifest: Invalid extension permission: resource://pdf.js/
1581517925706	addons.webextension.screenshots@mozilla.org	WARN	Loading extension 'screenshots@mozilla.org': Reading manifest: Invalid extension permission: about:reader*
JavaScript error: resource://gre/modules/XULStore.jsm, line 66: Error: Can't find profile directory.
1581517929813	Marionette	INFO	Listening on port 58082
1581517929863	Marionette	WARN	TLS certificate errors will be ignored for this session
1581517942219	Marionette	INFO	Stopped listening on port 58082

###!!! [Child][RunMessage] Error: Channel closing: too late to send/recv, messages will be lost


###!!! [Child][MessageChannel::SendAndWait] Error: Channel error: cannot send/recv

1581518203638	mozrunner::runner	INFO	Running command: "C:\\Program Files\\Mozilla Firefox\\firefox.exe" "-marionette" "-foreground" "-no-remote" "-profile" "C:\\Users\\Wayne\\AppData\\Local\\Temp\\rust_mozprofile.JZTkrsu6Xu9h"
1581518204712	addons.webextension.doh-rollout@mozilla.org	WARN	Loading extension 'doh-rollout@mozilla.org': Reading manifest: Invalid extension permission: networkStatus
1581518204883	addons.webextension.screenshots@mozilla.org	WARN	Loading extension 'screenshots@mozilla.org': Reading manifest: Invalid extension permission: mozillaAddons
1581518204883	addons.webextension.screenshots@mozilla.org	WARN	Loading extension 'screenshots@mozilla.org': Reading manifest: Invalid extension permission: telemetry
1581518204883	addons.webextension.screenshots@mozilla.org	WARN	Loading extension 'screenshots@mozilla.org': Reading manifest: Invalid extension permission: resource://pdf.js/
1581518204884	addons.webextension.screenshots@mozilla.org	WARN	Loading extension 'screenshots@mozilla.org': Reading manifest: Invalid extension permission: about:reader*
JavaScript error: resource://gre/modules/XULStore.jsm, line 66: Error: Can't find profile directory.
1581518209220	Marionette	INFO	Listening on port 58237
1581518209366	Marionette	WARN	TLS certificate errors will be ignored for this session
1581518221160	Marionette	INFO	Stopped listening on port 58237

###!!! [Child][RunMessage] Error: Channel closing: too late to send/recv, messages will be lost


###!!! [Child][MessageChannel::SendAndWait] Error: Channel error: cannot send/recv

1581518251929	mozrunner::runner	INFO	Running command: "C:\\Program Files\\Mozilla Firefox\\firefox.exe" "-marionette" "-foreground" "-no-remote" "-profile" "C:\\Users\\Wayne\\AppData\\Local\\Temp\\rust_mozprofile.7tVmHm9Ap43g"
1581518252637	addons.webextension.doh-rollout@mozilla.org	WARN	Loading extension 'doh-rollout@mozilla.org': Reading manifest: Invalid extension permission: networkStatus
1581518252793	addons.webextension.screenshots@mozilla.org	WARN	Loading extension 'screenshots@mozilla.org': Reading manifest: Invalid extension permission: mozillaAddons
1581518252793	addons.webextension.screenshots@mozilla.org	WARN	Loading extension 'screenshots@mozilla.org': Reading manifest: Invalid extension permission: telemetry
1581518252793	addons.webextension.screenshots@mozilla.org	WARN	Loading extension 'screenshots@mozilla.org': Reading manifest: Invalid extension permission: resource://pdf.js/
1581518252793	addons.webextension.screenshots@mozilla.org	WARN	Loading extension 'screenshots@mozilla.org': Reading manifest: Invalid extension permission: about:reader*
JavaScript error: resource://gre/modules/XULStore.jsm, line 66: Error: Can't find profile directory.
1581518257089	Marionette	INFO	Listening on port 58304
1581518257444	Marionette	WARN	TLS certificate errors will be ignored for this session
1581518270168	Marionette	INFO	Stopped listening on port 58304

###!!! [Child][RunMessage] Error: Channel closing: too late to send/recv, messages will be lost


###!!! [Child][MessageChannel::SendAndWait] Error: Channel error: cannot send/recv

1581518407189	mozrunner::runner	INFO	Running command: "C:\\Program Files\\Mozilla Firefox\\firefox.exe" "-marionette" "-foreground" "-no-remote" "-profile" "C:\\Users\\Wayne\\AppData\\Local\\Temp\\rust_mozprofile.84O6kjyFzIZg"
1581518408278	addons.webextension.doh-rollout@mozilla.org	WARN	Loading extension 'doh-rollout@mozilla.org': Reading manifest: Invalid extension permission: networkStatus
1581518408442	addons.webextension.screenshots@mozilla.org	WARN	Loading extension 'screenshots@mozilla.org': Reading manifest: Invalid extension permission: mozillaAddons
1581518408442	addons.webextension.screenshots@mozilla.org	WARN	Loading extension 'screenshots@mozilla.org': Reading manifest: Invalid extension permission: telemetry
1581518408442	addons.webextension.screenshots@mozilla.org	WARN	Loading extension 'screenshots@mozilla.org': Reading manifest: Invalid extension permission: resource://pdf.js/
1581518408442	addons.webextension.screenshots@mozilla.org	WARN	Loading extension 'screenshots@mozilla.org': Reading manifest: Invalid extension permission: about:reader*
JavaScript error: resource://gre/modules/XULStore.jsm, line 66: Error: Can't find profile directory.
1581518413071	Marionette	INFO	Listening on port 58427
1581518413561	Marionette	WARN	TLS certificate errors will be ignored for this session
1581518425234	Marionette	INFO	Stopped listening on port 58427

###!!! [Child][RunMessage] Error: Channel closing: too late to send/recv, messages will be lost


###!!! [Child][MessageChannel::SendAndWait] Error: Channel error: cannot send/recv

1581518467630	mozrunner::runner	INFO	Running command: "C:\\Program Files\\Mozilla Firefox\\firefox.exe" "-marionette" "-foreground" "-no-remote" "-profile" "C:\\Users\\Wayne\\AppData\\Local\\Temp\\rust_mozprofile.vxqRsoN2OHUr"
1581518468610	addons.webextension.doh-rollout@mozilla.org	WARN	Loading extension 'doh-rollout@mozilla.org': Reading manifest: Invalid extension permission: networkStatus
1581518468753	addons.webextension.screenshots@mozilla.org	WARN	Loading extension 'screenshots@mozilla.org': Reading manifest: Invalid extension permission: mozillaAddons
1581518468753	addons.webextension.screenshots@mozilla.org	WARN	Loading extension 'screenshots@mozilla.org': Reading manifest: Invalid extension permission: telemetry
1581518468753	addons.webextension.screenshots@mozilla.org	WARN	Loading extension 'screenshots@mozilla.org': Reading manifest: Invalid extension permission: resource://pdf.js/
1581518468753	addons.webextension.screenshots@mozilla.org	WARN	Loading extension 'screenshots@mozilla.org': Reading manifest: Invalid extension permission: about:reader*
JavaScript error: resource://gre/modules/XULStore.jsm, line 66: Error: Can't find profile directory.
1581518472703	Marionette	INFO	Listening on port 58501
1581518473220	Marionette	WARN	TLS certificate errors will be ignored for this session
1581518494576	Marionette	INFO	Stopped listening on port 58501

###!!! [Child][RunMessage] Error: Channel closing: too late to send/recv, messages will be lost


###!!! [Child][MessageChannel::SendAndWait] Error: Channel error: cannot send/recv

1581518540283	mozrunner::runner	INFO	Running command: "C:\\Program Files\\Mozilla Firefox\\firefox.exe" "-marionette" "-foreground" "-no-remote" "-profile" "C:\\Users\\Wayne\\AppData\\Local\\Temp\\rust_mozprofile.Ci5vu2LVlnMA"
1581518540941	addons.webextension.doh-rollout@mozilla.org	WARN	Loading extension 'doh-rollout@mozilla.org': Reading manifest: Invalid extension permission: networkStatus
1581518541066	addons.webextension.screenshots@mozilla.org	WARN	Loading extension 'screenshots@mozilla.org': Reading manifest: Invalid extension permission: mozillaAddons
1581518541066	addons.webextension.screenshots@mozilla.org	WARN	Loading extension 'screenshots@mozilla.org': Reading manifest: Invalid extension permission: telemetry
1581518541066	addons.webextension.screenshots@mozilla.org	WARN	Loading extension 'screenshots@mozilla.org': Reading manifest: Invalid extension permission: resource://pdf.js/
1581518541066	addons.webextension.screenshots@mozilla.org	WARN	Loading extension 'screenshots@mozilla.org': Reading manifest: Invalid extension permission: about:reader*
JavaScript error: resource://gre/modules/XULStore.jsm, line 66: Error: Can't find profile directory.
1581518544999	Marionette	INFO	Listening on port 58573
1581518545286	Marionette	WARN	TLS certificate errors will be ignored for this session
JavaScript error: resource:///modules/FaviconLoader.jsm, line 581: InvalidStateError: An attempt was made to use an object that is not, or is no longer, usable
1581518566799	Marionette	INFO	Stopped listening on port 58573

###!!! [Child][MessageChannel::SendAndWait] Error: Channel error: cannot send/recv

1581518645498	mozrunner::runner	INFO	Running command: "C:\\Program Files\\Mozilla Firefox\\firefox.exe" "-marionette" "-foreground" "-no-remote" "-profile" "C:\\Users\\Wayne\\AppData\\Local\\Temp\\rust_mozprofile.XCamXuhVBvIz"
1581518646210	addons.webextension.doh-rollout@mozilla.org	WARN	Loading extension 'doh-rollout@mozilla.org': Reading manifest: Invalid extension permission: networkStatus
1581518646368	addons.webextension.screenshots@mozilla.org	WARN	Loading extension 'screenshots@mozilla.org': Reading manifest: Invalid extension permission: mozillaAddons
1581518646368	addons.webextension.screenshots@mozilla.org	WARN	Loading extension 'screenshots@mozilla.org': Reading manifest: Invalid extension permission: telemetry
1581518646368	addons.webextension.screenshots@mozilla.org	WARN	Loading extension 'screenshots@mozilla.org': Reading manifest: Invalid extension permission: resource://pdf.js/
1581518646368	addons.webextension.screenshots@mozilla.org	WARN	Loading extension 'screenshots@mozilla.org': Reading manifest: Invalid extension permission: about:reader*
JavaScript error: resource://gre/modules/XULStore.jsm, line 66: Error: Can't find profile directory.
1581518650447	Marionette	INFO	Listening on port 58695
1581518650499	Marionette	WARN	TLS certificate errors will be ignored for this session
JavaScript error: https://vpn.caict.ac.cn/com/js/login.min.js, line 1: TypeError: $ID(...) is null
1581518672624	Marionette	INFO	Stopped listening on port 58695

###!!! [Child][RunMessage] Error: Channel closing: too late to send/recv, messages will be lost


###!!! [Child][MessageChannel::SendAndWait] Error: Channel error: cannot send/recv

1581518687790	mozrunner::runner	INFO	Running command: "C:\\Program Files\\Mozilla Firefox\\firefox.exe" "-marionette" "-foreground" "-no-remote" "-profile" "C:\\Users\\Wayne\\AppData\\Local\\Temp\\rust_mozprofile.YDGMvjqrVEoV"
1581518688568	addons.webextension.doh-rollout@mozilla.org	WARN	Loading extension 'doh-rollout@mozilla.org': Reading manifest: Invalid extension permission: networkStatus
1581518688705	addons.webextension.screenshots@mozilla.org	WARN	Loading extension 'screenshots@mozilla.org': Reading manifest: Invalid extension permission: mozillaAddons
1581518688705	addons.webextension.screenshots@mozilla.org	WARN	Loading extension 'screenshots@mozilla.org': Reading manifest: Invalid extension permission: telemetry
1581518688706	addons.webextension.screenshots@mozilla.org	WARN	Loading extension 'screenshots@mozilla.org': Reading manifest: Invalid extension permission: resource://pdf.js/
1581518688706	addons.webextension.screenshots@mozilla.org	WARN	Loading extension 'screenshots@mozilla.org': Reading manifest: Invalid extension permission: about:reader*
JavaScript error: resource://gre/modules/XULStore.jsm, line 66: Error: Can't find profile directory.
1581518693644	Marionette	INFO	Listening on port 58788
1581518694102	Marionette	WARN	TLS certificate errors will be ignored for this session
1581518715997	Marionette	INFO	Stopped listening on port 58788

###!!! [Child][RunMessage] Error: Channel closing: too late to send/recv, messages will be lost


###!!! [Child][MessageChannel::SendAndWait] Error: Channel error: cannot send/recv

1581518791187	mozrunner::runner	INFO	Running command: "C:\\Program Files\\Mozilla Firefox\\firefox.exe" "-marionette" "-foreground" "-no-remote" "-profile" "C:\\Users\\Wayne\\AppData\\Local\\Temp\\rust_mozprofile.2OvdvCrkHFLZ"
1581518792017	addons.webextension.doh-rollout@mozilla.org	WARN	Loading extension 'doh-rollout@mozilla.org': Reading manifest: Invalid extension permission: networkStatus
1581518792177	addons.webextension.screenshots@mozilla.org	WARN	Loading extension 'screenshots@mozilla.org': Reading manifest: Invalid extension permission: mozillaAddons
1581518792177	addons.webextension.screenshots@mozilla.org	WARN	Loading extension 'screenshots@mozilla.org': Reading manifest: Invalid extension permission: telemetry
1581518792177	addons.webextension.screenshots@mozilla.org	WARN	Loading extension 'screenshots@mozilla.org': Reading manifest: Invalid extension permission: resource://pdf.js/
1581518792177	addons.webextension.screenshots@mozilla.org	WARN	Loading extension 'screenshots@mozilla.org': Reading manifest: Invalid extension permission: about:reader*
JavaScript error: resource://gre/modules/XULStore.jsm, line 66: Error: Can't find profile directory.
[Child 25248, MediaPDecoder #1] WARNING: Stream 17ecaae2478 ReadCacheFile failed, rv=NS_ERROR_FAILURE: file z:/task_1579288126/build/src/dom/media/MediaCache.cpp, line 2469
[Child 25248, MediaPDecoder #1] WARNING: Stream 17ecaae2478 ReadCacheFile failed, rv=NS_ERROR_FAILURE: file z:/task_1579288126/build/src/dom/media/MediaCache.cpp, line 2469
[Child 25248, MediaDecoderStateMachine #1] WARNING: Decoder=17ecaa7d000 state=DECODING_METADATA Decode metadata failed, shutting down decoder: file z:/task_1579288126/build/src/dom/media/MediaDecoderStateMachine.cpp, line 354
[Child 25248, MediaDecoderStateMachine #1] WARNING: Decoder=17ecaa7d000 Decode error: NS_ERROR_DOM_MEDIA_METADATA_ERR (0x806e0006) - static MP4Metadata::ResultAndByteBuffer __cdecl mozilla::MP4Metadata::Metadata(mozilla::ByteStream *): Cannot parse metadata: file z:/task_1579288126/build/src/dom/media/MediaDecoderStateMachine.cpp, line 3337
1581518796258	Marionette	INFO	Listening on port 58895
1581518796302	Marionette	WARN	TLS certificate errors will be ignored for this session
1581518825793	Marionette	INFO	Stopped listening on port 58895
JavaScript error: https://vpn.caict.ac.cn/com/js/service.min.js?__ver__=7.63, line 2: NS_ERROR_NOT_INITIALIZED: 
JavaScript error: https://vpn.caict.ac.cn/com/js/service.min.js?__ver__=7.63, line 2: NS_ERROR_NOT_INITIALIZED: 

###!!! [Child][MessageChannel::SendAndWait] Error: Channel error: cannot send/recv

1581519032047	mozrunner::runner	INFO	Running command: "C:\\Program Files\\Mozilla Firefox\\firefox.exe" "-marionette" "-foreground" "-no-remote" "-profile" "C:\\Users\\Wayne\\AppData\\Local\\Temp\\rust_mozprofile.KHHcnaTcckfO"
1581519032935	addons.webextension.doh-rollout@mozilla.org	WARN	Loading extension 'doh-rollout@mozilla.org': Reading manifest: Invalid extension permission: networkStatus
1581519033094	addons.webextension.screenshots@mozilla.org	WARN	Loading extension 'screenshots@mozilla.org': Reading manifest: Invalid extension permission: mozillaAddons
1581519033094	addons.webextension.screenshots@mozilla.org	WARN	Loading extension 'screenshots@mozilla.org': Reading manifest: Invalid extension permission: telemetry
1581519033095	addons.webextension.screenshots@mozilla.org	WARN	Loading extension 'screenshots@mozilla.org': Reading manifest: Invalid extension permission: resource://pdf.js/
1581519033095	addons.webextension.screenshots@mozilla.org	WARN	Loading extension 'screenshots@mozilla.org': Reading manifest: Invalid extension permission: about:reader*
JavaScript error: resource://gre/modules/XULStore.jsm, line 66: Error: Can't find profile directory.
[Child 16364, MediaPDecoder #1] WARNING: Stream 21728a27478 ReadCacheFile failed, rv=NS_ERROR_FAILURE: file z:/task_1579288126/build/src/dom/media/MediaCache.cpp, line 2469
[Child 16364, MediaPDecoder #1] WARNING: Stream 21728a27478 ReadCacheFile failed, rv=NS_ERROR_FAILURE: file z:/task_1579288126/build/src/dom/media/MediaCache.cpp, line 2469
1581519036949	Marionette	INFO	Listening on port 59245
1581519037053	Marionette	WARN	TLS certificate errors will be ignored for this session
JavaScript error: resource://gre/modules/XULStore.jsm, line 66: Error: Can't find profile directory.
1581519058216	Marionette	INFO	Stopped listening on port 59245
JavaScript error: https://vpn.caict.ac.cn/com/js/common.min.js?__ver__=7.63, line 1: NS_ERROR_NOT_INITIALIZED: 

###!!! [Child][MessageChannel::SendAndWait] Error: Channel error: cannot send/recv

1581519419189	mozrunner::runner	INFO	Running command: "C:\\Program Files\\Mozilla Firefox\\firefox.exe" "-marionette" "-foreground" "-no-remote" "-profile" "C:\\Users\\Wayne\\AppData\\Local\\Temp\\rust_mozprofile.Cr3ti4nlARW8"
1581519420393	addons.webextension.doh-rollout@mozilla.org	WARN	Loading extension 'doh-rollout@mozilla.org': Reading manifest: Invalid extension permission: networkStatus
1581519420561	addons.webextension.screenshots@mozilla.org	WARN	Loading extension 'screenshots@mozilla.org': Reading manifest: Invalid extension permission: mozillaAddons
1581519420562	addons.webextension.screenshots@mozilla.org	WARN	Loading extension 'screenshots@mozilla.org': Reading manifest: Invalid extension permission: telemetry
1581519420562	addons.webextension.screenshots@mozilla.org	WARN	Loading extension 'screenshots@mozilla.org': Reading manifest: Invalid extension permission: resource://pdf.js/
1581519420562	addons.webextension.screenshots@mozilla.org	WARN	Loading extension 'screenshots@mozilla.org': Reading manifest: Invalid extension permission: about:reader*
JavaScript error: resource://gre/modules/XULStore.jsm, line 66: Error: Can't find profile directory.
1581519425328	Marionette	INFO	Listening on port 59682
1581519425429	Marionette	WARN	TLS certificate errors will be ignored for this session
JavaScript error: resource://gre/modules/XULStore.jsm, line 66: Error: Can't find profile directory.
1581519445466	Marionette	INFO	Stopped listening on port 59682

###!!! [Child][RunMessage] Error: Channel closing: too late to send/recv, messages will be lost


###!!! [Child][MessageChannel::SendAndWait] Error: Channel error: cannot send/recv

1581519470355	mozrunner::runner	INFO	Running command: "C:\\Program Files\\Mozilla Firefox\\firefox.exe" "-marionette" "-foreground" "-no-remote" "-profile" "C:\\Users\\Wayne\\AppData\\Local\\Temp\\rust_mozprofile.0cYZYPvOLSnI"
1581519471016	addons.webextension.doh-rollout@mozilla.org	WARN	Loading extension 'doh-rollout@mozilla.org': Reading manifest: Invalid extension permission: networkStatus
1581519471147	addons.webextension.screenshots@mozilla.org	WARN	Loading extension 'screenshots@mozilla.org': Reading manifest: Invalid extension permission: mozillaAddons
1581519471147	addons.webextension.screenshots@mozilla.org	WARN	Loading extension 'screenshots@mozilla.org': Reading manifest: Invalid extension permission: telemetry
1581519471147	addons.webextension.screenshots@mozilla.org	WARN	Loading extension 'screenshots@mozilla.org': Reading manifest: Invalid extension permission: resource://pdf.js/
1581519471147	addons.webextension.screenshots@mozilla.org	WARN	Loading extension 'screenshots@mozilla.org': Reading manifest: Invalid extension permission: about:reader*
JavaScript error: resource://gre/modules/XULStore.jsm, line 66: Error: Can't find profile directory.
1581519474297	Marionette	INFO	Listening on port 59767
1581519474743	Marionette	WARN	TLS certificate errors will be ignored for this session
1581519496301	Marionette	INFO	Stopped listening on port 59767

###!!! [Child][RunMessage] Error: Channel closing: too late to send/recv, messages will be lost


###!!! [Child][MessageChannel::SendAndWait] Error: Channel error: cannot send/recv

1581519501376	mozrunner::runner	INFO	Running command: "C:\\Program Files\\Mozilla Firefox\\firefox.exe" "-marionette" "-foreground" "-no-remote" "-profile" "C:\\Users\\Wayne\\AppData\\Local\\Temp\\rust_mozprofile.gz5b4Y67sDUQ"
1581519503016	addons.webextension.doh-rollout@mozilla.org	WARN	Loading extension 'doh-rollout@mozilla.org': Reading manifest: Invalid extension permission: networkStatus
1581519503325	addons.webextension.screenshots@mozilla.org	WARN	Loading extension 'screenshots@mozilla.org': Reading manifest: Invalid extension permission: mozillaAddons
1581519503325	addons.webextension.screenshots@mozilla.org	WARN	Loading extension 'screenshots@mozilla.org': Reading manifest: Invalid extension permission: telemetry
1581519503325	addons.webextension.screenshots@mozilla.org	WARN	Loading extension 'screenshots@mozilla.org': Reading manifest: Invalid extension permission: resource://pdf.js/
1581519503326	addons.webextension.screenshots@mozilla.org	WARN	Loading extension 'screenshots@mozilla.org': Reading manifest: Invalid extension permission: about:reader*
JavaScript error: resource://gre/modules/XULStore.jsm, line 66: Error: Can't find profile directory.
1581519507765	Marionette	INFO	Listening on port 59839
1581519507799	Marionette	WARN	TLS certificate errors will be ignored for this session
JavaScript error: resource://gre/modules/XULStore.jsm, line 66: Error: Can't find profile directory.
1581519524290	Marionette	INFO	Stopped listening on port 59839

###!!! [Child][RunMessage] Error: Channel closing: too late to send/recv, messages will be lost


###!!! [Child][MessageChannel::SendAndWait] Error: Channel error: cannot send/recv

1581519545178	mozrunner::runner	INFO	Running command: "C:\\Program Files\\Mozilla Firefox\\firefox.exe" "-marionette" "-foreground" "-no-remote" "-profile" "C:\\Users\\Wayne\\AppData\\Local\\Temp\\rust_mozprofile.jDLKS2bDQpor"
1581519545789	addons.webextension.doh-rollout@mozilla.org	WARN	Loading extension 'doh-rollout@mozilla.org': Reading manifest: Invalid extension permission: networkStatus
1581519545917	addons.webextension.screenshots@mozilla.org	WARN	Loading extension 'screenshots@mozilla.org': Reading manifest: Invalid extension permission: mozillaAddons
1581519545918	addons.webextension.screenshots@mozilla.org	WARN	Loading extension 'screenshots@mozilla.org': Reading manifest: Invalid extension permission: telemetry
1581519545918	addons.webextension.screenshots@mozilla.org	WARN	Loading extension 'screenshots@mozilla.org': Reading manifest: Invalid extension permission: resource://pdf.js/
1581519545918	addons.webextension.screenshots@mozilla.org	WARN	Loading extension 'screenshots@mozilla.org': Reading manifest: Invalid extension permission: about:reader*
JavaScript error: resource://gre/modules/XULStore.jsm, line 66: Error: Can't find profile directory.
1581519549151	Marionette	INFO	Listening on port 59911
1581519549557	Marionette	WARN	TLS certificate errors will be ignored for this session
JavaScript error: resource://gre/modules/XULStore.jsm, line 66: Error: Can't find profile directory.
1581519572820	Marionette	INFO	Stopped listening on port 59911

###!!! [Child][MessageChannel::SendAndWait] Error: Channel error: cannot send/recv

1581519945940	mozrunner::runner	INFO	Running command: "C:\\Program Files\\Mozilla Firefox\\firefox.exe" "-marionette" "-foreground" "-no-remote" "-profile" "C:\\Users\\Wayne\\AppData\\Local\\Temp\\rust_mozprofile.0ut4Oq9RCge5"
1581519947625	addons.webextension.doh-rollout@mozilla.org	WARN	Loading extension 'doh-rollout@mozilla.org': Reading manifest: Invalid extension permission: networkStatus
1581519947843	addons.webextension.screenshots@mozilla.org	WARN	Loading extension 'screenshots@mozilla.org': Reading manifest: Invalid extension permission: mozillaAddons
1581519947843	addons.webextension.screenshots@mozilla.org	WARN	Loading extension 'screenshots@mozilla.org': Reading manifest: Invalid extension permission: telemetry
1581519947844	addons.webextension.screenshots@mozilla.org	WARN	Loading extension 'screenshots@mozilla.org': Reading manifest: Invalid extension permission: resource://pdf.js/
1581519947844	addons.webextension.screenshots@mozilla.org	WARN	Loading extension 'screenshots@mozilla.org': Reading manifest: Invalid extension permission: about:reader*
JavaScript error: resource://gre/modules/XULStore.jsm, line 66: Error: Can't find profile directory.
1581519955252	Marionette	INFO	Listening on port 60354
1581519955696	Marionette	WARN	TLS certificate errors will be ignored for this session
1581519983179	Marionette	INFO	Stopped listening on port 60354

###!!! [Child][MessageChannel::SendAndWait] Error: Channel error: cannot send/recv

1581520147390	mozrunner::runner	INFO	Running command: "C:\\Program Files\\Mozilla Firefox\\firefox.exe" "-marionette" "-foreground" "-no-remote" "-profile" "C:\\Users\\Wayne\\AppData\\Local\\Temp\\rust_mozprofile.1bCOL3rfjrmj"
1581520148487	addons.webextension.doh-rollout@mozilla.org	WARN	Loading extension 'doh-rollout@mozilla.org': Reading manifest: Invalid extension permission: networkStatus
1581520148680	addons.webextension.screenshots@mozilla.org	WARN	Loading extension 'screenshots@mozilla.org': Reading manifest: Invalid extension permission: mozillaAddons
1581520148680	addons.webextension.screenshots@mozilla.org	WARN	Loading extension 'screenshots@mozilla.org': Reading manifest: Invalid extension permission: telemetry
1581520148680	addons.webextension.screenshots@mozilla.org	WARN	Loading extension 'screenshots@mozilla.org': Reading manifest: Invalid extension permission: resource://pdf.js/
1581520148680	addons.webextension.screenshots@mozilla.org	WARN	Loading extension 'screenshots@mozilla.org': Reading manifest: Invalid extension permission: about:reader*
JavaScript error: resource://gre/modules/XULStore.jsm, line 66: Error: Can't find profile directory.
1581520152840	Marionette	INFO	Listening on port 60793
1581520153291	Marionette	WARN	TLS certificate errors will be ignored for this session
1581520180080	Marionette	INFO	Stopped listening on port 60793

###!!! [Child][RunMessage] Error: Channel closing: too late to send/recv, messages will be lost


###!!! [Child][MessageChannel::SendAndWait] Error: Channel error: cannot send/recv

1581520226035	mozrunner::runner	INFO	Running command: "C:\\Program Files\\Mozilla Firefox\\firefox.exe" "-marionette" "-foreground" "-no-remote" "-profile" "C:\\Users\\Wayne\\AppData\\Local\\Temp\\rust_mozprofile.hL5XiqNPv5eo"
1581520226925	addons.webextension.doh-rollout@mozilla.org	WARN	Loading extension 'doh-rollout@mozilla.org': Reading manifest: Invalid extension permission: networkStatus
1581520227133	addons.webextension.screenshots@mozilla.org	WARN	Loading extension 'screenshots@mozilla.org': Reading manifest: Invalid extension permission: mozillaAddons
1581520227133	addons.webextension.screenshots@mozilla.org	WARN	Loading extension 'screenshots@mozilla.org': Reading manifest: Invalid extension permission: telemetry
1581520227134	addons.webextension.screenshots@mozilla.org	WARN	Loading extension 'screenshots@mozilla.org': Reading manifest: Invalid extension permission: resource://pdf.js/
1581520227134	addons.webextension.screenshots@mozilla.org	WARN	Loading extension 'screenshots@mozilla.org': Reading manifest: Invalid extension permission: about:reader*
JavaScript error: resource://gre/modules/XULStore.jsm, line 66: Error: Can't find profile directory.
1581520231401	Marionette	INFO	Listening on port 60994
1581520232066	Marionette	WARN	TLS certificate errors will be ignored for this session
1581520265733	Marionette	INFO	Stopped listening on port 60994

###!!! [Child][RunMessage] Error: Channel closing: too late to send/recv, messages will be lost


###!!! [Child][MessageChannel::SendAndWait] Error: Channel error: cannot send/recv

1581520399180	mozrunner::runner	INFO	Running command: "C:\\Program Files\\Mozilla Firefox\\firefox.exe" "-marionette" "-foreground" "-no-remote" "-profile" "C:\\Users\\Wayne\\AppData\\Local\\Temp\\rust_mozprofile.yJtJupBCStk2"
1581520399997	addons.webextension.doh-rollout@mozilla.org	WARN	Loading extension 'doh-rollout@mozilla.org': Reading manifest: Invalid extension permission: networkStatus
1581520400156	addons.webextension.screenshots@mozilla.org	WARN	Loading extension 'screenshots@mozilla.org': Reading manifest: Invalid extension permission: mozillaAddons
1581520400156	addons.webextension.screenshots@mozilla.org	WARN	Loading extension 'screenshots@mozilla.org': Reading manifest: Invalid extension permission: telemetry
1581520400156	addons.webextension.screenshots@mozilla.org	WARN	Loading extension 'screenshots@mozilla.org': Reading manifest: Invalid extension permission: resource://pdf.js/
1581520400156	addons.webextension.screenshots@mozilla.org	WARN	Loading extension 'screenshots@mozilla.org': Reading manifest: Invalid extension permission: about:reader*
JavaScript error: resource://gre/modules/XULStore.jsm, line 66: Error: Can't find profile directory.
1581520403993	Marionette	INFO	Listening on port 61246
1581520404195	Marionette	WARN	TLS certificate errors will be ignored for this session
1581520437777	Marionette	INFO	Stopped listening on port 61246

###!!! [Child][RunMessage] Error: Channel closing: too late to send/recv, messages will be lost


###!!! [Child][MessageChannel::SendAndWait] Error: Channel error: cannot send/recv

1581520593761	mozrunner::runner	INFO	Running command: "C:\\Program Files\\Mozilla Firefox\\firefox.exe" "-marionette" "-foreground" "-no-remote" "-profile" "C:\\Users\\Wayne\\AppData\\Local\\Temp\\rust_mozprofile.qKlti0jLzt89"
1581520594831	addons.webextension.doh-rollout@mozilla.org	WARN	Loading extension 'doh-rollout@mozilla.org': Reading manifest: Invalid extension permission: networkStatus
1581520595008	addons.webextension.screenshots@mozilla.org	WARN	Loading extension 'screenshots@mozilla.org': Reading manifest: Invalid extension permission: mozillaAddons
1581520595008	addons.webextension.screenshots@mozilla.org	WARN	Loading extension 'screenshots@mozilla.org': Reading manifest: Invalid extension permission: telemetry
1581520595008	addons.webextension.screenshots@mozilla.org	WARN	Loading extension 'screenshots@mozilla.org': Reading manifest: Invalid extension permission: resource://pdf.js/
1581520595008	addons.webextension.screenshots@mozilla.org	WARN	Loading extension 'screenshots@mozilla.org': Reading manifest: Invalid extension permission: about:reader*
JavaScript error: resource://gre/modules/XULStore.jsm, line 66: Error: Can't find profile directory.
1581520600589	Marionette	INFO	Listening on port 61498
1581520601120	Marionette	WARN	TLS certificate errors will be ignored for this session
JavaScript error: https://vpn.caict.ac.cn/com/js/login.min.js, line 1: TypeError: $ID(...) is null
1581520616226	Marionette	INFO	Stopped listening on port 61498

###!!! [Child][RunMessage] Error: Channel closing: too late to send/recv, messages will be lost


###!!! [Child][MessageChannel::SendAndWait] Error: Channel error: cannot send/recv

1581520626174	mozrunner::runner	INFO	Running command: "C:\\Program Files\\Mozilla Firefox\\firefox.exe" "-marionette" "-foreground" "-no-remote" "-profile" "C:\\Users\\Wayne\\AppData\\Local\\Temp\\rust_mozprofile.mMRLVQQtHfvs"
1581520627177	addons.webextension.doh-rollout@mozilla.org	WARN	Loading extension 'doh-rollout@mozilla.org': Reading manifest: Invalid extension permission: networkStatus
1581520627333	addons.webextension.screenshots@mozilla.org	WARN	Loading extension 'screenshots@mozilla.org': Reading manifest: Invalid extension permission: mozillaAddons
1581520627333	addons.webextension.screenshots@mozilla.org	WARN	Loading extension 'screenshots@mozilla.org': Reading manifest: Invalid extension permission: telemetry
1581520627333	addons.webextension.screenshots@mozilla.org	WARN	Loading extension 'screenshots@mozilla.org': Reading manifest: Invalid extension permission: resource://pdf.js/
1581520627333	addons.webextension.screenshots@mozilla.org	WARN	Loading extension 'screenshots@mozilla.org': Reading manifest: Invalid extension permission: about:reader*
JavaScript error: resource://gre/modules/XULStore.jsm, line 66: Error: Can't find profile directory.
1581520631310	Marionette	INFO	Listening on port 61597
1581520631696	Marionette	WARN	TLS certificate errors will be ignored for this session
1581520652561	Marionette	INFO	Stopped listening on port 61597

###!!! [Child][RunMessage] Error: Channel closing: too late to send/recv, messages will be lost


###!!! [Child][MessageChannel::SendAndWait] Error: Channel error: cannot send/recv

1581520699828	mozrunner::runner	INFO	Running command: "C:\\Program Files\\Mozilla Firefox\\firefox.exe" "-marionette" "-foreground" "-no-remote" "-profile" "C:\\Users\\Wayne\\AppData\\Local\\Temp\\rust_mozprofile.Tw0SQfk6xzAV"
1581520700468	addons.webextension.doh-rollout@mozilla.org	WARN	Loading extension 'doh-rollout@mozilla.org': Reading manifest: Invalid extension permission: networkStatus
1581520700686	addons.webextension.screenshots@mozilla.org	WARN	Loading extension 'screenshots@mozilla.org': Reading manifest: Invalid extension permission: mozillaAddons
1581520700686	addons.webextension.screenshots@mozilla.org	WARN	Loading extension 'screenshots@mozilla.org': Reading manifest: Invalid extension permission: telemetry
1581520700687	addons.webextension.screenshots@mozilla.org	WARN	Loading extension 'screenshots@mozilla.org': Reading manifest: Invalid extension permission: resource://pdf.js/
1581520700687	addons.webextension.screenshots@mozilla.org	WARN	Loading extension 'screenshots@mozilla.org': Reading manifest: Invalid extension permission: about:reader*
JavaScript error: resource://gre/modules/XULStore.jsm, line 66: Error: Can't find profile directory.
1581520705514	Marionette	INFO	Listening on port 61771
1581520706069	Marionette	WARN	TLS certificate errors will be ignored for this session
1581520754037	Marionette	INFO	Stopped listening on port 61771

###!!! [Child][RunMessage] Error: Channel closing: too late to send/recv, messages will be lost


###!!! [Child][MessageChannel::SendAndWait] Error: Channel error: cannot send/recv

1581520831842	mozrunner::runner	INFO	Running command: "C:\\Program Files\\Mozilla Firefox\\firefox.exe" "-marionette" "-foreground" "-no-remote" "-profile" "C:\\Users\\Wayne\\AppData\\Local\\Temp\\rust_mozprofile.I9GgFnjADj0b"
1581520832727	addons.webextension.doh-rollout@mozilla.org	WARN	Loading extension 'doh-rollout@mozilla.org': Reading manifest: Invalid extension permission: networkStatus
1581520832852	addons.webextension.screenshots@mozilla.org	WARN	Loading extension 'screenshots@mozilla.org': Reading manifest: Invalid extension permission: mozillaAddons
1581520832853	addons.webextension.screenshots@mozilla.org	WARN	Loading extension 'screenshots@mozilla.org': Reading manifest: Invalid extension permission: telemetry
1581520832853	addons.webextension.screenshots@mozilla.org	WARN	Loading extension 'screenshots@mozilla.org': Reading manifest: Invalid extension permission: resource://pdf.js/
1581520832853	addons.webextension.screenshots@mozilla.org	WARN	Loading extension 'screenshots@mozilla.org': Reading manifest: Invalid extension permission: about:reader*
JavaScript error: resource://gre/modules/XULStore.jsm, line 66: Error: Can't find profile directory.
1581520835959	Marionette	INFO	Listening on port 61998
1581520836230	Marionette	WARN	TLS certificate errors will be ignored for this session
1581520874575	Marionette	INFO	Stopped listening on port 61998

###!!! [Child][RunMessage] Error: Channel closing: too late to send/recv, messages will be lost


###!!! [Child][MessageChannel::SendAndWait] Error: Channel error: cannot send/recv

1581521441445	mozrunner::runner	INFO	Running command: "C:\\Program Files\\Mozilla Firefox\\firefox.exe" "-marionette" "-foreground" "-no-remote" "-profile" "C:\\Users\\Wayne\\AppData\\Local\\Temp\\rust_mozprofile.3SKl8hXHdlUI"
1581521442641	addons.webextension.doh-rollout@mozilla.org	WARN	Loading extension 'doh-rollout@mozilla.org': Reading manifest: Invalid extension permission: networkStatus
1581521442818	addons.webextension.screenshots@mozilla.org	WARN	Loading extension 'screenshots@mozilla.org': Reading manifest: Invalid extension permission: mozillaAddons
1581521442818	addons.webextension.screenshots@mozilla.org	WARN	Loading extension 'screenshots@mozilla.org': Reading manifest: Invalid extension permission: telemetry
1581521442819	addons.webextension.screenshots@mozilla.org	WARN	Loading extension 'screenshots@mozilla.org': Reading manifest: Invalid extension permission: resource://pdf.js/
1581521442819	addons.webextension.screenshots@mozilla.org	WARN	Loading extension 'screenshots@mozilla.org': Reading manifest: Invalid extension permission: about:reader*
JavaScript error: resource://gre/modules/XULStore.jsm, line 66: Error: Can't find profile directory.
1581521447469	Marionette	INFO	Listening on port 62529
1581521447761	Marionette	WARN	TLS certificate errors will be ignored for this session
JavaScript warning: http://k.caict.ac.cn/ekp/caict/km/js/head.js, line 333: unreachable code after return statement
JavaScript error: http://k.caict.ac.cn/ekp/caict/km/pub/index.jsp?SiteId=11&com.trs.idm.gSessionId=18F0F720B37D9FDF093DC016282A58D7-192.168.122.1, line 408: TypeError: document.getElementById(...) is null
1581521508356	Marionette	INFO	Stopped listening on port 62529

###!!! [Child][MessageChannel::SendAndWait] Error: Channel error: cannot send/recv

1581521683430	mozrunner::runner	INFO	Running command: "C:\\Program Files\\Mozilla Firefox\\firefox.exe" "-marionette" "-foreground" "-no-remote" "-profile" "C:\\Users\\Wayne\\AppData\\Local\\Temp\\rust_mozprofile.ztEGWwE8nerf"
1581521684967	addons.webextension.doh-rollout@mozilla.org	WARN	Loading extension 'doh-rollout@mozilla.org': Reading manifest: Invalid extension permission: networkStatus
1581521685193	addons.webextension.screenshots@mozilla.org	WARN	Loading extension 'screenshots@mozilla.org': Reading manifest: Invalid extension permission: mozillaAddons
1581521685193	addons.webextension.screenshots@mozilla.org	WARN	Loading extension 'screenshots@mozilla.org': Reading manifest: Invalid extension permission: telemetry
1581521685194	addons.webextension.screenshots@mozilla.org	WARN	Loading extension 'screenshots@mozilla.org': Reading manifest: Invalid extension permission: resource://pdf.js/
1581521685194	addons.webextension.screenshots@mozilla.org	WARN	Loading extension 'screenshots@mozilla.org': Reading manifest: Invalid extension permission: about:reader*
JavaScript error: resource://gre/modules/XULStore.jsm, line 66: Error: Can't find profile directory.
1581521694117	Marionette	INFO	Listening on port 62985
1581521694436	Marionette	WARN	TLS certificate errors will be ignored for this session
JavaScript warning: http://k.caict.ac.cn/ekp/caict/km/js/head.js, line 333: unreachable code after return statement
JavaScript error: http://k.caict.ac.cn/ekp/caict/km/pub/index.jsp?SiteId=11&com.trs.idm.gSessionId=90C7E91FE6FC93A8052F8AEE6CCC58D4-192.168.122.1, line 408: TypeError: document.getElementById(...) is null
JavaScript error: http://k.caict.ac.cn/ekp/caict/km/zhaochengguo/kjcg/, line 57: TypeError: document.getElementById(...) is null
1581521763184	Marionette	INFO	Stopped listening on port 62985
JavaScript error: https://vpn.caict.ac.cn/com/js/service.min.js?__ver__=7.63, line 3: NS_ERROR_NOT_INITIALIZED: 

###!!! [Child][RunMessage] Error: Channel closing: too late to send/recv, messages will be lost


###!!! [Child][MessageChannel::SendAndWait] Error: Channel error: cannot send/recv

1581522725593	mozrunner::runner	INFO	Running command: "C:\\Program Files\\Mozilla Firefox\\firefox.exe" "-marionette" "-foreground" "-no-remote" "-profile" "C:\\Users\\Wayne\\AppData\\Local\\Temp\\rust_mozprofile.YeyDjiit21aT"
1581522727191	addons.webextension.doh-rollout@mozilla.org	WARN	Loading extension 'doh-rollout@mozilla.org': Reading manifest: Invalid extension permission: networkStatus
1581522727369	addons.webextension.screenshots@mozilla.org	WARN	Loading extension 'screenshots@mozilla.org': Reading manifest: Invalid extension permission: mozillaAddons
1581522727369	addons.webextension.screenshots@mozilla.org	WARN	Loading extension 'screenshots@mozilla.org': Reading manifest: Invalid extension permission: telemetry
1581522727369	addons.webextension.screenshots@mozilla.org	WARN	Loading extension 'screenshots@mozilla.org': Reading manifest: Invalid extension permission: resource://pdf.js/
1581522727369	addons.webextension.screenshots@mozilla.org	WARN	Loading extension 'screenshots@mozilla.org': Reading manifest: Invalid extension permission: about:reader*
JavaScript error: resource://gre/modules/XULStore.jsm, line 66: Error: Can't find profile directory.
1581522732265	Marionette	INFO	Listening on port 63731
1581522732778	Marionette	WARN	TLS certificate errors will be ignored for this session
1581522770789	Marionette	INFO	Stopped listening on port 63731

###!!! [Child][MessageChannel::SendAndWait] Error: Channel error: cannot send/recv

1581522802799	mozrunner::runner	INFO	Running command: "C:\\Program Files\\Mozilla Firefox\\firefox.exe" "-marionette" "-foreground" "-no-remote" "-profile" "C:\\Users\\Wayne\\AppData\\Local\\Temp\\rust_mozprofile.5aO48cZDqHxi"
1581522803621	addons.webextension.doh-rollout@mozilla.org	WARN	Loading extension 'doh-rollout@mozilla.org': Reading manifest: Invalid extension permission: networkStatus
1581522803755	addons.webextension.screenshots@mozilla.org	WARN	Loading extension 'screenshots@mozilla.org': Reading manifest: Invalid extension permission: mozillaAddons
1581522803755	addons.webextension.screenshots@mozilla.org	WARN	Loading extension 'screenshots@mozilla.org': Reading manifest: Invalid extension permission: telemetry
1581522803755	addons.webextension.screenshots@mozilla.org	WARN	Loading extension 'screenshots@mozilla.org': Reading manifest: Invalid extension permission: resource://pdf.js/
1581522803756	addons.webextension.screenshots@mozilla.org	WARN	Loading extension 'screenshots@mozilla.org': Reading manifest: Invalid extension permission: about:reader*
JavaScript error: resource://gre/modules/XULStore.jsm, line 66: Error: Can't find profile directory.
1581522807319	Marionette	INFO	Listening on port 63929
1581522807809	Marionette	WARN	TLS certificate errors will be ignored for this session
1581522820520	Marionette	INFO	Stopped listening on port 63929

###!!! [Child][RunMessage] Error: Channel closing: too late to send/recv, messages will be lost


###!!! [Child][MessageChannel::SendAndWait] Error: Channel error: cannot send/recv

1581522832844	mozrunner::runner	INFO	Running command: "C:\\Program Files\\Mozilla Firefox\\firefox.exe" "-marionette" "-foreground" "-no-remote" "-profile" "C:\\Users\\Wayne\\AppData\\Local\\Temp\\rust_mozprofile.Wot4nxdgNTcQ"
1581522833615	addons.webextension.doh-rollout@mozilla.org	WARN	Loading extension 'doh-rollout@mozilla.org': Reading manifest: Invalid extension permission: networkStatus
1581522833738	addons.webextension.screenshots@mozilla.org	WARN	Loading extension 'screenshots@mozilla.org': Reading manifest: Invalid extension permission: mozillaAddons
1581522833739	addons.webextension.screenshots@mozilla.org	WARN	Loading extension 'screenshots@mozilla.org': Reading manifest: Invalid extension permission: telemetry
1581522833739	addons.webextension.screenshots@mozilla.org	WARN	Loading extension 'screenshots@mozilla.org': Reading manifest: Invalid extension permission: resource://pdf.js/
1581522833739	addons.webextension.screenshots@mozilla.org	WARN	Loading extension 'screenshots@mozilla.org': Reading manifest: Invalid extension permission: about:reader*
JavaScript error: resource://gre/modules/XULStore.jsm, line 66: Error: Can't find profile directory.
1581522837191	Marionette	INFO	Listening on port 64013
1581522837265	Marionette	WARN	TLS certificate errors will be ignored for this session
JavaScript warning: http://k.caict.ac.cn/ekp/caict/km/js/head.js, line 333: unreachable code after return statement
JavaScript error: http://k.caict.ac.cn/ekp/caict/km/pub/index.jsp?SiteId=11&com.trs.idm.gSessionId=C5001F43D2D940BBF77E6CB5033B6CF0-192.168.122.1, line 408: TypeError: document.getElementById(...) is null
JavaScript error: http://k.caict.ac.cn/ekp/caict/km/zhaochengguo/kjcg/, line 57: TypeError: document.getElementById(...) is null
1581522892279	Marionette	INFO	Stopped listening on port 64013

###!!! [Child][RunMessage] Error: Channel closing: too late to send/recv, messages will be lost


###!!! [Child][MessageChannel::SendAndWait] Error: Channel error: cannot send/recv

1581522955133	mozrunner::runner	INFO	Running command: "C:\\Program Files\\Mozilla Firefox\\firefox.exe" "-marionette" "-foreground" "-no-remote" "-profile" "C:\\Users\\Wayne\\AppData\\Local\\Temp\\rust_mozprofile.cyTRAbreC5mG"
1581522955917	addons.webextension.doh-rollout@mozilla.org	WARN	Loading extension 'doh-rollout@mozilla.org': Reading manifest: Invalid extension permission: networkStatus
1581522956055	addons.webextension.screenshots@mozilla.org	WARN	Loading extension 'screenshots@mozilla.org': Reading manifest: Invalid extension permission: mozillaAddons
1581522956055	addons.webextension.screenshots@mozilla.org	WARN	Loading extension 'screenshots@mozilla.org': Reading manifest: Invalid extension permission: telemetry
1581522956055	addons.webextension.screenshots@mozilla.org	WARN	Loading extension 'screenshots@mozilla.org': Reading manifest: Invalid extension permission: resource://pdf.js/
1581522956055	addons.webextension.screenshots@mozilla.org	WARN	Loading extension 'screenshots@mozilla.org': Reading manifest: Invalid extension permission: about:reader*
JavaScript error: resource://gre/modules/XULStore.jsm, line 66: Error: Can't find profile directory.
1581522959453	Marionette	INFO	Listening on port 64258

###!!! [Child][RunMessage] Error: Channel closing: too late to send/recv, messages will be lost

1581522959544	Marionette	WARN	TLS certificate errors will be ignored for this session
JavaScript warning: http://k.caict.ac.cn/ekp/caict/km/js/head.js, line 333: unreachable code after return statement
JavaScript error: http://k.caict.ac.cn/ekp/caict/km/pub/index.jsp?SiteId=11&com.trs.idm.gSessionId=B58B900B09B8D0B4F155B85A57785BEC-192.168.122.1, line 408: TypeError: document.getElementById(...) is null
JavaScript error: http://k.caict.ac.cn/ekp/caict/km/zhaochengguo/kjcg/, line 57: TypeError: document.getElementById(...) is null
1581523014850	Marionette	INFO	Stopped listening on port 64258

###!!! [Child][RunMessage] Error: Channel closing: too late to send/recv, messages will be lost


###!!! [Child][MessageChannel::SendAndWait] Error: Channel error: cannot send/recv

1581523032601	mozrunner::runner	INFO	Running command: "C:\\Program Files\\Mozilla Firefox\\firefox.exe" "-marionette" "-foreground" "-no-remote" "-profile" "C:\\Users\\Wayne\\AppData\\Local\\Temp\\rust_mozprofile.dBjJMPKFaiii"
1581523033292	addons.webextension.doh-rollout@mozilla.org	WARN	Loading extension 'doh-rollout@mozilla.org': Reading manifest: Invalid extension permission: networkStatus
1581523033416	addons.webextension.screenshots@mozilla.org	WARN	Loading extension 'screenshots@mozilla.org': Reading manifest: Invalid extension permission: mozillaAddons
1581523033416	addons.webextension.screenshots@mozilla.org	WARN	Loading extension 'screenshots@mozilla.org': Reading manifest: Invalid extension permission: telemetry
1581523033417	addons.webextension.screenshots@mozilla.org	WARN	Loading extension 'screenshots@mozilla.org': Reading manifest: Invalid extension permission: resource://pdf.js/
1581523033417	addons.webextension.screenshots@mozilla.org	WARN	Loading extension 'screenshots@mozilla.org': Reading manifest: Invalid extension permission: about:reader*
JavaScript error: resource://gre/modules/XULStore.jsm, line 66: Error: Can't find profile directory.
1581523036589	Marionette	INFO	Listening on port 64470
1581523037094	Marionette	WARN	TLS certificate errors will be ignored for this session
JavaScript warning: http://k.caict.ac.cn/ekp/caict/km/js/head.js, line 333: unreachable code after return statement
JavaScript error: http://k.caict.ac.cn/ekp/caict/km/pub/index.jsp?SiteId=11&com.trs.idm.gSessionId=C2B08B07D2ACBCED61E54B27BE66DBE9-192.168.122.1, line 408: TypeError: document.getElementById(...) is null
JavaScript error: http://k.caict.ac.cn/ekp/caict/km/zhaochengguo/kjcg/, line 57: TypeError: document.getElementById(...) is null
1581523290872	Marionette	INFO	Stopped listening on port 64470

###!!! [Child][MessageChannel::SendAndWait] Error: Channel error: cannot send/recv

1581523367847	mozrunner::runner	INFO	Running command: "C:\\Program Files\\Mozilla Firefox\\firefox.exe" "-marionette" "-foreground" "-no-remote" "-profile" "C:\\Users\\Wayne\\AppData\\Local\\Temp\\rust_mozprofile.279TsdeQycbh"
1581523368893	addons.webextension.doh-rollout@mozilla.org	WARN	Loading extension 'doh-rollout@mozilla.org': Reading manifest: Invalid extension permission: networkStatus
1581523369066	addons.webextension.screenshots@mozilla.org	WARN	Loading extension 'screenshots@mozilla.org': Reading manifest: Invalid extension permission: mozillaAddons
1581523369066	addons.webextension.screenshots@mozilla.org	WARN	Loading extension 'screenshots@mozilla.org': Reading manifest: Invalid extension permission: telemetry
1581523369066	addons.webextension.screenshots@mozilla.org	WARN	Loading extension 'screenshots@mozilla.org': Reading manifest: Invalid extension permission: resource://pdf.js/
1581523369067	addons.webextension.screenshots@mozilla.org	WARN	Loading extension 'screenshots@mozilla.org': Reading manifest: Invalid extension permission: about:reader*
JavaScript error: resource://gre/modules/XULStore.jsm, line 66: Error: Can't find profile directory.
1581523373968	Marionette	INFO	Listening on port 64902
1581523374100	Marionette	WARN	TLS certificate errors will be ignored for this session
JavaScript warning: http://k.caict.ac.cn/ekp/caict/km/js/head.js, line 333: unreachable code after return statement
JavaScript error: http://k.caict.ac.cn/ekp/caict/km/pub/index.jsp?SiteId=11&com.trs.idm.gSessionId=4FFDAA47E17FBAAB3820841FFFE45874-192.168.122.1, line 408: TypeError: document.getElementById(...) is null
JavaScript error: http://k.caict.ac.cn/ekp/caict/km/zhaochengguo/kjcg/, line 57: TypeError: document.getElementById(...) is null
1581523462262	Marionette	INFO	Stopped listening on port 64902

###!!! [Child][RunMessage] Error: Channel closing: too late to send/recv, messages will be lost


###!!! [Child][MessageChannel::SendAndWait] Error: Channel error: cannot send/recv

1581523472569	mozrunner::runner	INFO	Running command: "C:\\Program Files\\Mozilla Firefox\\firefox.exe" "-marionette" "-foreground" "-no-remote" "-profile" "C:\\Users\\Wayne\\AppData\\Local\\Temp\\rust_mozprofile.eXeMYeWx4pZY"
1581523473384	addons.webextension.doh-rollout@mozilla.org	WARN	Loading extension 'doh-rollout@mozilla.org': Reading manifest: Invalid extension permission: networkStatus
1581523473560	addons.webextension.screenshots@mozilla.org	WARN	Loading extension 'screenshots@mozilla.org': Reading manifest: Invalid extension permission: mozillaAddons
1581523473560	addons.webextension.screenshots@mozilla.org	WARN	Loading extension 'screenshots@mozilla.org': Reading manifest: Invalid extension permission: telemetry
1581523473560	addons.webextension.screenshots@mozilla.org	WARN	Loading extension 'screenshots@mozilla.org': Reading manifest: Invalid extension permission: resource://pdf.js/
1581523473560	addons.webextension.screenshots@mozilla.org	WARN	Loading extension 'screenshots@mozilla.org': Reading manifest: Invalid extension permission: about:reader*
JavaScript error: resource://gre/modules/XULStore.jsm, line 66: Error: Can't find profile directory.
1581523476866	Marionette	INFO	Listening on port 65158
1581523477028	Marionette	WARN	TLS certificate errors will be ignored for this session
JavaScript warning: http://k.caict.ac.cn/ekp/caict/km/js/head.js, line 333: unreachable code after return statement
JavaScript error: http://k.caict.ac.cn/ekp/caict/km/pub/index.jsp?SiteId=11&com.trs.idm.gSessionId=8ABDC6B1219BE2F7049FFDB5CCBF8329-192.168.122.1, line 408: TypeError: document.getElementById(...) is null
JavaScript error: http://k.caict.ac.cn/ekp/caict/km/zhaochengguo/kjcg/, line 57: TypeError: document.getElementById(...) is null
1581523591394	Marionette	INFO	Stopped listening on port 65158

###!!! [Child][MessageChannel::SendAndWait] Error: Channel error: cannot send/recv

1581523627996	mozrunner::runner	INFO	Running command: "C:\\Program Files\\Mozilla Firefox\\firefox.exe" "-marionette" "-foreground" "-no-remote" "-profile" "C:\\Users\\Wayne\\AppData\\Local\\Temp\\rust_mozprofile.rPwxn80EXdrO"
1581523628635	addons.webextension.doh-rollout@mozilla.org	WARN	Loading extension 'doh-rollout@mozilla.org': Reading manifest: Invalid extension permission: networkStatus
1581523628756	addons.webextension.screenshots@mozilla.org	WARN	Loading extension 'screenshots@mozilla.org': Reading manifest: Invalid extension permission: mozillaAddons
1581523628756	addons.webextension.screenshots@mozilla.org	WARN	Loading extension 'screenshots@mozilla.org': Reading manifest: Invalid extension permission: telemetry
1581523628756	addons.webextension.screenshots@mozilla.org	WARN	Loading extension 'screenshots@mozilla.org': Reading manifest: Invalid extension permission: resource://pdf.js/
1581523628756	addons.webextension.screenshots@mozilla.org	WARN	Loading extension 'screenshots@mozilla.org': Reading manifest: Invalid extension permission: about:reader*
JavaScript error: resource://gre/modules/XULStore.jsm, line 66: Error: Can't find profile directory.
1581523632376	Marionette	INFO	Listening on port 65413
1581523632400	Marionette	WARN	TLS certificate errors will be ignored for this session
JavaScript warning: http://k.caict.ac.cn/ekp/caict/km/js/head.js, line 333: unreachable code after return statement
JavaScript error: http://k.caict.ac.cn/ekp/caict/km/pub/index.jsp?SiteId=11&com.trs.idm.gSessionId=C058C7039F8AD60663A124348610D262-192.168.122.1, line 408: TypeError: document.getElementById(...) is null
JavaScript error: http://k.caict.ac.cn/ekp/caict/km/zhaochengguo/kjcg/, line 57: TypeError: document.getElementById(...) is null
1581523878065	mozrunner::runner	INFO	Running command: "C:\\Program Files\\Mozilla Firefox\\firefox.exe" "-marionette" "-foreground" "-no-remote" "-profile" "C:\\Users\\Wayne\\AppData\\Local\\Temp\\rust_mozprofile.PQF1CbEUJJUJ"
1581523878910	addons.webextension.doh-rollout@mozilla.org	WARN	Loading extension 'doh-rollout@mozilla.org': Reading manifest: Invalid extension permission: networkStatus
1581523879052	addons.webextension.screenshots@mozilla.org	WARN	Loading extension 'screenshots@mozilla.org': Reading manifest: Invalid extension permission: mozillaAddons
1581523879052	addons.webextension.screenshots@mozilla.org	WARN	Loading extension 'screenshots@mozilla.org': Reading manifest: Invalid extension permission: telemetry
1581523879053	addons.webextension.screenshots@mozilla.org	WARN	Loading extension 'screenshots@mozilla.org': Reading manifest: Invalid extension permission: resource://pdf.js/
1581523879053	addons.webextension.screenshots@mozilla.org	WARN	Loading extension 'screenshots@mozilla.org': Reading manifest: Invalid extension permission: about:reader*
JavaScript error: resource://gre/modules/XULStore.jsm, line 66: Error: Can't find profile directory.
1581523882734	Marionette	INFO	Listening on port 49325
1581523883076	Marionette	WARN	TLS certificate errors will be ignored for this session
JavaScript warning: http://k.caict.ac.cn/ekp/caict/km/js/head.js, line 333: unreachable code after return statement
JavaScript error: http://k.caict.ac.cn/ekp/caict/km/pub/index.jsp?SiteId=11&com.trs.idm.gSessionId=05355C0F775633985C1D797A87266EB7-192.168.122.1, line 408: TypeError: document.getElementById(...) is null
JavaScript error: http://k.caict.ac.cn/ekp/caict/km/zhaochengguo/kjcg/, line 57: TypeError: document.getElementById(...) is null
1581523944575	Marionette	INFO	Stopped listening on port 49325

###!!! [Child][RunMessage] Error: Channel closing: too late to send/recv, messages will be lost


###!!! [Child][MessageChannel::SendAndWait] Error: Channel error: cannot send/recv

1581523949204	mozrunner::runner	INFO	Running command: "C:\\Program Files\\Mozilla Firefox\\firefox.exe" "-marionette" "-foreground" "-no-remote" "-profile" "C:\\Users\\Wayne\\AppData\\Local\\Temp\\rust_mozprofile.QzuUZ89K4Iru"
1581523950167	addons.webextension.doh-rollout@mozilla.org	WARN	Loading extension 'doh-rollout@mozilla.org': Reading manifest: Invalid extension permission: networkStatus
1581523950438	addons.webextension.screenshots@mozilla.org	WARN	Loading extension 'screenshots@mozilla.org': Reading manifest: Invalid extension permission: mozillaAddons
1581523950438	addons.webextension.screenshots@mozilla.org	WARN	Loading extension 'screenshots@mozilla.org': Reading manifest: Invalid extension permission: telemetry
1581523950439	addons.webextension.screenshots@mozilla.org	WARN	Loading extension 'screenshots@mozilla.org': Reading manifest: Invalid extension permission: resource://pdf.js/
1581523950439	addons.webextension.screenshots@mozilla.org	WARN	Loading extension 'screenshots@mozilla.org': Reading manifest: Invalid extension permission: about:reader*
JavaScript error: resource://gre/modules/XULStore.jsm, line 66: Error: Can't find profile directory.
1581523955465	Marionette	INFO	Listening on port 49537
1581523955588	Marionette	WARN	TLS certificate errors will be ignored for this session
JavaScript warning: http://k.caict.ac.cn/ekp/caict/km/js/head.js, line 333: unreachable code after return statement
JavaScript error: http://k.caict.ac.cn/ekp/caict/km/pub/index.jsp?SiteId=11&com.trs.idm.gSessionId=F44B3547EFD7AF87B3E536A6B08127A9-192.168.122.1, line 408: TypeError: document.getElementById(...) is null
JavaScript error: http://k.caict.ac.cn/ekp/caict/km/zhaochengguo/kjcg/, line 57: TypeError: document.getElementById(...) is null
1581524106476	Marionette	INFO	Stopped listening on port 49537

###!!! [Child][RunMessage] Error: Channel closing: too late to send/recv, messages will be lost


###!!! [Child][MessageChannel::SendAndWait] Error: Channel error: cannot send/recv

1581524190313	mozrunner::runner	INFO	Running command: "C:\\Program Files\\Mozilla Firefox\\firefox.exe" "-marionette" "-foreground" "-no-remote" "-profile" "C:\\Users\\Wayne\\AppData\\Local\\Temp\\rust_mozprofile.4Xa4d0q6BNqr"
1581524191109	addons.webextension.doh-rollout@mozilla.org	WARN	Loading extension 'doh-rollout@mozilla.org': Reading manifest: Invalid extension permission: networkStatus
1581524191252	addons.webextension.screenshots@mozilla.org	WARN	Loading extension 'screenshots@mozilla.org': Reading manifest: Invalid extension permission: mozillaAddons
1581524191252	addons.webextension.screenshots@mozilla.org	WARN	Loading extension 'screenshots@mozilla.org': Reading manifest: Invalid extension permission: telemetry
1581524191252	addons.webextension.screenshots@mozilla.org	WARN	Loading extension 'screenshots@mozilla.org': Reading manifest: Invalid extension permission: resource://pdf.js/
1581524191252	addons.webextension.screenshots@mozilla.org	WARN	Loading extension 'screenshots@mozilla.org': Reading manifest: Invalid extension permission: about:reader*
JavaScript error: resource://gre/modules/XULStore.jsm, line 66: Error: Can't find profile directory.
1581524194999	Marionette	INFO	Listening on port 49939
1581524195361	Marionette	WARN	TLS certificate errors will be ignored for this session
JavaScript warning: http://k.caict.ac.cn/ekp/caict/km/js/head.js, line 333: unreachable code after return statement
JavaScript error: http://k.caict.ac.cn/ekp/caict/km/pub/index.jsp?SiteId=11&com.trs.idm.gSessionId=2D5AAD2A008D7F23EDAF3ED6885BAFA2-192.168.122.1, line 408: TypeError: document.getElementById(...) is null
JavaScript error: http://k.caict.ac.cn/ekp/caict/km/zhaochengguo/kjcg/, line 57: TypeError: document.getElementById(...) is null
1581524352414	Marionette	INFO	Stopped listening on port 49939

###!!! [Child][RunMessage] Error: Channel closing: too late to send/recv, messages will be lost


###!!! [Child][MessageChannel::SendAndWait] Error: Channel error: cannot send/recv

1581524359495	mozrunner::runner	INFO	Running command: "C:\\Program Files\\Mozilla Firefox\\firefox.exe" "-marionette" "-foreground" "-no-remote" "-profile" "C:\\Users\\Wayne\\AppData\\Local\\Temp\\rust_mozprofile.8w1tzqah9iB1"
1581524360340	addons.webextension.doh-rollout@mozilla.org	WARN	Loading extension 'doh-rollout@mozilla.org': Reading manifest: Invalid extension permission: networkStatus
1581524360472	addons.webextension.screenshots@mozilla.org	WARN	Loading extension 'screenshots@mozilla.org': Reading manifest: Invalid extension permission: mozillaAddons
1581524360472	addons.webextension.screenshots@mozilla.org	WARN	Loading extension 'screenshots@mozilla.org': Reading manifest: Invalid extension permission: telemetry
1581524360472	addons.webextension.screenshots@mozilla.org	WARN	Loading extension 'screenshots@mozilla.org': Reading manifest: Invalid extension permission: resource://pdf.js/
1581524360472	addons.webextension.screenshots@mozilla.org	WARN	Loading extension 'screenshots@mozilla.org': Reading manifest: Invalid extension permission: about:reader*
JavaScript error: resource://gre/modules/XULStore.jsm, line 66: Error: Can't find profile directory.
1581524363775	Marionette	INFO	Listening on port 50218
1581524363894	Marionette	WARN	TLS certificate errors will be ignored for this session
JavaScript warning: http://k.caict.ac.cn/ekp/caict/km/js/head.js, line 333: unreachable code after return statement
JavaScript error: http://k.caict.ac.cn/ekp/caict/km/pub/index.jsp?SiteId=11&com.trs.idm.gSessionId=65F9A4D6F82C64E8CB638BEFFB178309-192.168.122.1, line 408: TypeError: document.getElementById(...) is null
JavaScript error: http://k.caict.ac.cn/ekp/caict/km/zhaochengguo/kjcg/, line 57: TypeError: document.getElementById(...) is null
JavaScript error: http://k.caict.ac.cn/ekp/caict/km/zhaochengguo/kjcg/201907/t20190722_205027.html, line 56: TypeError: document.getElementById(...) is null
JavaScript error: http://k.caict.ac.cn/ekp/caict/km/zhaochengguo/kjcg/, line 57: TypeError: document.getElementById(...) is null
1581524726276	Marionette	INFO	Stopped listening on port 50218

###!!! [Child][RunMessage] Error: Channel closing: too late to send/recv, messages will be lost


###!!! [Child][MessageChannel::SendAndWait] Error: Channel error: cannot send/recv

1581524732458	mozrunner::runner	INFO	Running command: "C:\\Program Files\\Mozilla Firefox\\firefox.exe" "-marionette" "-foreground" "-no-remote" "-profile" "C:\\Users\\Wayne\\AppData\\Local\\Temp\\rust_mozprofile.I5ukJOdyDxic"
1581524733396	addons.webextension.doh-rollout@mozilla.org	WARN	Loading extension 'doh-rollout@mozilla.org': Reading manifest: Invalid extension permission: networkStatus
1581524733564	addons.webextension.screenshots@mozilla.org	WARN	Loading extension 'screenshots@mozilla.org': Reading manifest: Invalid extension permission: mozillaAddons
1581524733564	addons.webextension.screenshots@mozilla.org	WARN	Loading extension 'screenshots@mozilla.org': Reading manifest: Invalid extension permission: telemetry
1581524733565	addons.webextension.screenshots@mozilla.org	WARN	Loading extension 'screenshots@mozilla.org': Reading manifest: Invalid extension permission: resource://pdf.js/
1581524733565	addons.webextension.screenshots@mozilla.org	WARN	Loading extension 'screenshots@mozilla.org': Reading manifest: Invalid extension permission: about:reader*
JavaScript error: resource://gre/modules/XULStore.jsm, line 66: Error: Can't find profile directory.
1581524736820	Marionette	INFO	Listening on port 50562
1581524736877	Marionette	WARN	TLS certificate errors will be ignored for this session
JavaScript warning: http://k.caict.ac.cn/ekp/caict/km/js/head.js, line 333: unreachable code after return statement
JavaScript error: http://k.caict.ac.cn/ekp/caict/km/pub/index.jsp?SiteId=11&com.trs.idm.gSessionId=E2958817A3E53E33C6F7CC93534AD6BA-192.168.122.1, line 408: TypeError: document.getElementById(...) is null
JavaScript error: http://k.caict.ac.cn/ekp/caict/km/zhaochengguo/kjcg/, line 57: TypeError: document.getElementById(...) is null
1581524920412	Marionette	INFO	Stopped listening on port 50562

###!!! [Child][MessageChannel::SendAndWait] Error: Channel error: cannot send/recv

ile" "C:\\Users\\Wayne\\AppData\\Local\\Temp\\rust_mozprofile.Sw6TFHsSc7sT"
1581524915543	addons.webextension.doh-rollout@mozilla.org	WARN	Loading extension 'doh-rollout@mozilla.org': Reading manifest: Invalid extension permission: networkStatus
1581524915706	addons.webextension.screenshots@mozilla.org	WARN	Loading extension 'screenshots@mozilla.org': Reading manifest: Invalid extension permission: mozillaAddons
1581524915706	addons.webextension.screenshots@mozilla.org	WARN	Loading extension 'screenshots@mozilla.org': Reading manifest: Invalid extension permission: telemetry
1581524915707	addons.webextension.screenshots@mozilla.org	WARN	Loading extension 'screenshots@mozilla.org': Reading manifest: Invalid extension permission: resource://pdf.js/
1581524915707	addons.webextension.screenshots@mozilla.org	WARN	Loading extension 'screenshots@mozilla.org': Reading manifest: Invalid extension permission: about:reader*
JavaScript error: resource://gre/modules/XULStore.jsm, line 66: Error: Can't find profile directory.
1581524920302	Marionette	INFO	Listening on port 50815
1581524920800	Marionette	WARN	TLS certificate errors will be ignored for this session
JavaScript warning: http://k.caict.ac.cn/ekp/caict/km/js/head.js, line 333: unreachable code after return statement
JavaScript error: http://k.caict.ac.cn/ekp/caict/km/pub/index.jsp?SiteId=11&com.trs.idm.gSessionId=FDDEF7E3E9EAB3D0F571B2E571C41896-192.168.122.1, line 408: TypeError: document.getElementById(...) is null
JavaScript error: http://k.caict.ac.cn/ekp/caict/km/zhaochengguo/kjcg/, line 57: TypeError: document.getElementById(...) is null
1581525125881	mozrunner::runner	INFO	Running command: "C:\\Program Files\\Mozilla Firefox\\firefox.exe" "-marionette" "-foreground" "-no-remote" "-profile" "C:\\Users\\Wayne\\AppData\\Local\\Temp\\rust_mozprofile.HyVZt3kt0dfx"
1581525126748	addons.webextension.doh-rollout@mozilla.org	WARN	Loading extension 'doh-rollout@mozilla.org': Reading manifest: Invalid extension permission: networkStatus
1581525126941	addons.webextension.screenshots@mozilla.org	WARN	Loading extension 'screenshots@mozilla.org': Reading manifest: Invalid extension permission: mozillaAddons
1581525126941	addons.webextension.screenshots@mozilla.org	WARN	Loading extension 'screenshots@mozilla.org': Reading manifest: Invalid extension permission: telemetry
1581525126942	addons.webextension.screenshots@mozilla.org	WARN	Loading extension 'screenshots@mozilla.org': Reading manifest: Invalid extension permission: resource://pdf.js/
1581525126942	addons.webextension.screenshots@mozilla.org	WARN	Loading extension 'screenshots@mozilla.org': Reading manifest: Invalid extension permission: about:reader*
JavaScript error: resource://gre/modules/XULStore.jsm, line 66: Error: Can't find profile directory.
[Child 664, MediaPDecoder #1] WARNING: Stream 1e70192c478 ReadCacheFile failed, rv=NS_ERROR_FAILURE: file z:/task_1579288126/build/src/dom/media/MediaCache.cpp, line 2469
[Child 664, MediaPDecoder #1] WARNING: Stream 1e70192c478 ReadCacheFile failed, rv=NS_ERROR_FAILURE: file z:/task_1579288126/build/src/dom/media/MediaCache.cpp, line 2469
[Child 664, MediaDecoderStateMachine #1] WARNING: Decoder=1e777d68400 state=DECODING_METADATA Decode metadata failed, shutting down decoder: file z:/task_1579288126/build/src/dom/media/MediaDecoderStateMachine.cpp, line 354
[Child 664, MediaDecoderStateMachine #1] WARNING: Decoder=1e777d68400 Decode error: NS_ERROR_DOM_MEDIA_METADATA_ERR (0x806e0006) - static MP4Metadata::ResultAndByteBuffer __cdecl mozilla::MP4Metadata::Metadata(mozilla::ByteStream *): Cannot parse metadata: file z:/task_1579288126/build/src/dom/media/MediaDecoderStateMachine.cpp, line 3337
1581525130891	Marionette	INFO	Listening on port 51067
1581525131066	Marionette	WARN	TLS certificate errors will be ignored for this session
1581525194626	Marionette	INFO	Stopped listening on port 51067

###!!! [Child][RunMessage] Error: Channel closing: too late to send/recv, messages will be lost


###!!! [Child][MessageChannel::SendAndWait] Error: Channel error: cannot send/recv

1581525205787	mozrunner::runner	INFO	Running command: "C:\\Program Files\\Mozilla Firefox\\firefox.exe" "-marionette" "-foreground" "-no-remote" "-profile" "C:\\Users\\Wayne\\AppData\\Local\\Temp\\rust_mozprofile.jGrqhfrEdSwM"
1581525206419	addons.webextension.doh-rollout@mozilla.org	WARN	Loading extension 'doh-rollout@mozilla.org': Reading manifest: Invalid extension permission: networkStatus
1581525206548	addons.webextension.screenshots@mozilla.org	WARN	Loading extension 'screenshots@mozilla.org': Reading manifest: Invalid extension permission: mozillaAddons
1581525206548	addons.webextension.screenshots@mozilla.org	WARN	Loading extension 'screenshots@mozilla.org': Reading manifest: Invalid extension permission: telemetry
1581525206549	addons.webextension.screenshots@mozilla.org	WARN	Loading extension 'screenshots@mozilla.org': Reading manifest: Invalid extension permission: resource://pdf.js/
1581525206549	addons.webextension.screenshots@mozilla.org	WARN	Loading extension 'screenshots@mozilla.org': Reading manifest: Invalid extension permission: about:reader*
JavaScript error: resource://gre/modules/XULStore.jsm, line 66: Error: Can't find profile directory.
1581525209827	Marionette	INFO	Listening on port 51274
1581525210193	Marionette	WARN	TLS certificate errors will be ignored for this session
JavaScript warning: http://k.caict.ac.cn/ekp/caict/km/js/head.js, line 333: unreachable code after return statement
JavaScript error: http://k.caict.ac.cn/ekp/caict/km/pub/index.jsp?SiteId=11&com.trs.idm.gSessionId=7782F6386743BFBACE7E8BAD26C127F0-192.168.122.1, line 408: TypeError: document.getElementById(...) is null
JavaScript error: http://k.caict.ac.cn/ekp/caict/km/zhaochengguo/kjcg/, line 57: TypeError: document.getElementById(...) is null
1581525252716	Marionette	INFO	Stopped listening on port 51274

###!!! [Child][RunMessage] Error: Channel closing: too late to send/recv, messages will be lost


###!!! [Child][MessageChannel::SendAndWait] Error: Channel error: cannot send/recv

1581525584940	mozrunner::runner	INFO	Running command: "C:\\Program Files\\Mozilla Firefox\\firefox.exe" "-marionette" "-foreground" "-no-remote" "-profile" "C:\\Users\\Wayne\\AppData\\Local\\Temp\\rust_mozprofile.jrmIi3Z5OwZo"
1581525587464	addons.webextension.doh-rollout@mozilla.org	WARN	Loading extension 'doh-rollout@mozilla.org': Reading manifest: Invalid extension permission: networkStatus
1581525587832	addons.webextension.screenshots@mozilla.org	WARN	Loading extension 'screenshots@mozilla.org': Reading manifest: Invalid extension permission: mozillaAddons
1581525587832	addons.webextension.screenshots@mozilla.org	WARN	Loading extension 'screenshots@mozilla.org': Reading manifest: Invalid extension permission: telemetry
1581525587832	addons.webextension.screenshots@mozilla.org	WARN	Loading extension 'screenshots@mozilla.org': Reading manifest: Invalid extension permission: resource://pdf.js/
1581525587832	addons.webextension.screenshots@mozilla.org	WARN	Loading extension 'screenshots@mozilla.org': Reading manifest: Invalid extension permission: about:reader*
JavaScript error: resource://gre/modules/XULStore.jsm, line 66: Error: Can't find profile directory.
1581525592617	Marionette	INFO	Listening on port 51605
1581525592778	Marionette	WARN	TLS certificate errors will be ignored for this session
JavaScript warning: http://k.caict.ac.cn/ekp/caict/km/js/head.js, line 333: unreachable code after return statement
JavaScript error: http://k.caict.ac.cn/ekp/caict/km/pub/index.jsp?SiteId=11&com.trs.idm.gSessionId=7DEE98E15DAF5ABAB1A2FB120881477D-192.168.122.1, line 408: TypeError: document.getElementById(...) is null
JavaScript error: http://k.caict.ac.cn/ekp/caict/km/zhaochengguo/kjcg/, line 57: TypeError: document.getElementById(...) is null
JavaScript error: http://k.caict.ac.cn/ekp/caict/km/zhaochengguo/kjcg/201907/t20190722_205027.html, line 56: TypeError: document.getElementById(...) is null
JavaScript error: http://k.caict.ac.cn/ekp/caict/km/zhaochengguo/kjcg/201907/t20190722_205026.html, line 56: TypeError: document.getElementById(...) is null
JavaScript error: http://k.caict.ac.cn/ekp/caict/km/zhaochengguo/kjcg/201907/t20190722_205025.html, line 56: TypeError: document.getElementById(...) is null
JavaScript error: http://k.caict.ac.cn/ekp/caict/km/zhaochengguo/kjcg/201907/t20190722_205024.html, line 56: TypeError: document.getElementById(...) is null
JavaScript error: http://k.caict.ac.cn/ekp/caict/km/zhaochengguo/kjcg/201907/t20190722_205023.html, line 56: TypeError: document.getElementById(...) is null
JavaScript error: http://k.caict.ac.cn/ekp/caict/km/zhaochengguo/kjcg/201907/t20190722_205021.html, line 56: TypeError: document.getElementById(...) is null
JavaScript error: http://k.caict.ac.cn/ekp/caict/km/zhaochengguo/kjcg/201907/t20190722_205020.html, line 56: TypeError: document.getElementById(...) is null
JavaScript error: http://k.caict.ac.cn/ekp/caict/km/zhaochengguo/kjcg/201907/t20190722_205018.html, line 56: TypeError: document.getElementById(...) is null
JavaScript error: http://k.caict.ac.cn/ekp/caict/km/zhaochengguo/kjcg/201907/t20190722_205017.html, line 56: TypeError: document.getElementById(...) is null
JavaScript error: http://k.caict.ac.cn/ekp/caict/km/zhaochengguo/kjcg/201907/t20190722_205015.html, line 56: TypeError: document.getElementById(...) is null
JavaScript error: http://k.caict.ac.cn/ekp/caict/km/zhaochengguo/kjcg/201907/t20190722_205014.html, line 56: TypeError: document.getElementById(...) is null
JavaScript error: http://k.caict.ac.cn/ekp/caict/km/zhaochengguo/kjcg/201907/t20190722_205013.html, line 56: TypeError: document.getElementById(...) is null

###!!! [Parent][MessageChannel] Error: (msgtype=0x370128,name=PContent::Msg_AsyncMessage) Channel error: cannot send/recv

A content process crashed and MOZ_CRASHREPORTER_SHUTDOWN is set, shutting down

###!!! [Child][MessageChannel] Error: (msgtype=0x5E0015,name=PLayerTransaction::Msg_ClearCachedResources) Channel error: cannot send/recv


###!!! [Child][MessageChannel] Error: (msgtype=0x9D0003,name=PTexture::Msg_Destroy) Channel error: cannot send/recv


###!!! [Child][MessageChannel] Error: (msgtype=0x5E0006,name=PLayerTransaction::Msg_ReleaseCompositable) Channel error: cannot send/recv


###!!! [Child][MessageChannel] Error: (msgtype=0x5E0005,name=PLayerTransaction::Msg_ReleaseLayer) Channel error: cannot send/recv


###!!! [Child][MessageChannel] Error: (msgtype=0x5E0005,name=PLayerTransaction::Msg_ReleaseLayer) Channel error: cannot send/recv


###!!! [Child][MessageChannel] Error: (msgtype=0x5E0005,name=PLayerTransaction::Msg_ReleaseLayer) Channel error: cannot send/recv


###!!! [Child][MessageChannel] Error: (msgtype=0x5E001E,name=PLayerTransaction::Msg_Shutdown) Channel error: cannot send/recv


###!!! [Child][MessageChannel] Error: (msgtype=0xD,name=PAPZ::Msg_Destroy) Channel error: cannot send/recv


###!!! [Child][MessageChannel::SendAndWait] Error: (msgtype=0x34001A,name=PCompositorBridge::Msg_WillClose) Channel error: cannot send/recv


###!!! [Child][MessageChannel] Error: (msgtype=0x5E0015,name=PLayerTransaction::Msg_ClearCachedResources) Channel error: cannot send/recv


###!!! [Child][MessageChannel] Error: (msgtype=0x5E001E,name=PLayerTransaction::Msg_Shutdown) Channel error: cannot send/recv


###!!! [Child][MessageChannel::SendAndWait] Error: (msgtype=0x34001A,name=PCompositorBridge::Msg_WillClose) Channel error: cannot send/recv

[Parent 15400, Gecko_IOThread] WARNING: Failed to launch gpu subprocess: file z:/task_1579288126/build/src/ipc/glue/GeckoChildProcessHost.cpp, line 681
[GFX1-]: Failed to connect GPU process
1581525988416	mozrunner::runner	INFO	Running command: "C:\\Program Files\\Mozilla Firefox\\firefox.exe" "-marionette" "-foreground" "-no-remote" "-profile" "C:\\Users\\Wayne\\AppData\\Local\\Temp\\rust_mozprofile.krcLJ8kq0w3K"
1581525989268	addons.webextension.doh-rollout@mozilla.org	WARN	Loading extension 'doh-rollout@mozilla.org': Reading manifest: Invalid extension permission: networkStatus
1581525989435	addons.webextension.screenshots@mozilla.org	WARN	Loading extension 'screenshots@mozilla.org': Reading manifest: Invalid extension permission: mozillaAddons
1581525989435	addons.webextension.screenshots@mozilla.org	WARN	Loading extension 'screenshots@mozilla.org': Reading manifest: Invalid extension permission: telemetry
1581525989435	addons.webextension.screenshots@mozilla.org	WARN	Loading extension 'screenshots@mozilla.org': Reading manifest: Invalid extension permission: resource://pdf.js/
1581525989435	addons.webextension.screenshots@mozilla.org	WARN	Loading extension 'screenshots@mozilla.org': Reading manifest: Invalid extension permission: about:reader*
JavaScript error: resource://gre/modules/XULStore.jsm, line 66: Error: Can't find profile directory.
1581525993485	Marionette	INFO	Listening on port 52015
1581525993916	Marionette	WARN	TLS certificate errors will be ignored for this session
1581526028495	Marionette	INFO	Stopped listening on port 52015

###!!! [Child][MessageChannel::SendAndWait] Error: Channel error: cannot send/recv

1581526078074	mozrunner::runner	INFO	Running command: "C:\\Program Files\\Mozilla Firefox\\firefox.exe" "-marionette" "-foreground" "-no-remote" "-profile" "C:\\Users\\Wayne\\AppData\\Local\\Temp\\rust_mozprofile.wiHfkyxrtIcC"
1581526078702	addons.webextension.doh-rollout@mozilla.org	WARN	Loading extension 'doh-rollout@mozilla.org': Reading manifest: Invalid extension permission: networkStatus
1581526078840	addons.webextension.screenshots@mozilla.org	WARN	Loading extension 'screenshots@mozilla.org': Reading manifest: Invalid extension permission: mozillaAddons
1581526078840	addons.webextension.screenshots@mozilla.org	WARN	Loading extension 'screenshots@mozilla.org': Reading manifest: Invalid extension permission: telemetry
1581526078840	addons.webextension.screenshots@mozilla.org	WARN	Loading extension 'screenshots@mozilla.org': Reading manifest: Invalid extension permission: resource://pdf.js/
1581526078840	addons.webextension.screenshots@mozilla.org	WARN	Loading extension 'screenshots@mozilla.org': Reading manifest: Invalid extension permission: about:reader*
JavaScript error: resource://gre/modules/XULStore.jsm, line 66: Error: Can't find profile directory.
1581526082059	Marionette	INFO	Listening on port 52235
1581526082486	Marionette	WARN	TLS certificate errors will be ignored for this session
JavaScript warning: http://k.caict.ac.cn/ekp/caict/km/js/head.js, line 333: unreachable code after return statement
JavaScript error: http://k.caict.ac.cn/ekp/caict/km/pub/index.jsp?SiteId=11&com.trs.idm.gSessionId=52F866E3425AA3032F2631A04F7CA4BC-192.168.122.1, line 408: TypeError: document.getElementById(...) is null
JavaScript error: http://k.caict.ac.cn/ekp/caict/km/zhaochengguo/kjcg/, line 57: TypeError: document.getElementById(...) is null
1581526642221	Marionette	INFO	Stopped listening on port 52235

###!!! [Child][RunMessage] Error: Channel closing: too late to send/recv, messages will be lost


###!!! [Child][MessageChannel::SendAndWait] Error: Channel error: cannot send/recv

1581558344138	mozrunner::runner	INFO	Running command: "C:\\Program Files\\Mozilla Firefox\\firefox.exe" "-marionette" "-foreground" "-no-remote" "-profile" "C:\\Users\\Wayne\\AppData\\Local\\Temp\\rust_mozprofile.loEWopvcujtI"
1581558345000	addons.webextension.doh-rollout@mozilla.org	WARN	Loading extension 'doh-rollout@mozilla.org': Reading manifest: Invalid extension permission: networkStatus
1581558345359	addons.webextension.screenshots@mozilla.org	WARN	Loading extension 'screenshots@mozilla.org': Reading manifest: Invalid extension permission: mozillaAddons
1581558345359	addons.webextension.screenshots@mozilla.org	WARN	Loading extension 'screenshots@mozilla.org': Reading manifest: Invalid extension permission: telemetry
1581558345359	addons.webextension.screenshots@mozilla.org	WARN	Loading extension 'screenshots@mozilla.org': Reading manifest: Invalid extension permission: resource://pdf.js/
1581558345359	addons.webextension.screenshots@mozilla.org	WARN	Loading extension 'screenshots@mozilla.org': Reading manifest: Invalid extension permission: about:reader*
JavaScript error: resource://gre/modules/XULStore.jsm, line 66: Error: Can't find profile directory.
1581558351006	Marionette	INFO	Listening on port 52668
1581558351201	Marionette	WARN	TLS certificate errors will be ignored for this session
JavaScript warning: http://k.caict.ac.cn/ekp/caict/km/js/head.js, line 333: unreachable code after return statement
JavaScript error: http://k.caict.ac.cn/ekp/caict/km/pub/index.jsp?SiteId=11&com.trs.idm.gSessionId=D5A62F074C5FA40E42BF435AE03DCAFA-192.168.122.1, line 408: TypeError: document.getElementById(...) is null
JavaScript error: http://k.caict.ac.cn/ekp/caict/km/zhaochengguo/kjcg/, line 57: TypeError: document.getElementById(...) is null
1581558736109	mozrunner::runner	INFO	Running command: "C:\\Program Files\\Mozilla Firefox\\firefox.exe" "-marionette" "-foreground" "-no-remote" "-profile" "C:\\Users\\Wayne\\AppData\\Local\\Temp\\rust_mozprofile.A568gVOOGn6c"
1581558737004	addons.webextension.doh-rollout@mozilla.org	WARN	Loading extension 'doh-rollout@mozilla.org': Reading manifest: Invalid extension permission: networkStatus
1581558737126	addons.webextension.screenshots@mozilla.org	WARN	Loading extension 'screenshots@mozilla.org': Reading manifest: Invalid extension permission: mozillaAddons
1581558737126	addons.webextension.screenshots@mozilla.org	WARN	Loading extension 'screenshots@mozilla.org': Reading manifest: Invalid extension permission: telemetry
1581558737126	addons.webextension.screenshots@mozilla.org	WARN	Loading extension 'screenshots@mozilla.org': Reading manifest: Invalid extension permission: resource://pdf.js/
1581558737127	addons.webextension.screenshots@mozilla.org	WARN	Loading extension 'screenshots@mozilla.org': Reading manifest: Invalid extension permission: about:reader*
JavaScript error: resource://gre/modules/XULStore.jsm, line 66: Error: Can't find profile directory.
1581558741741	Marionette	INFO	Listening on port 52983
1581558741825	Marionette	WARN	TLS certificate errors will be ignored for this session
1581558743810	Marionette	INFO	Stopped listening on port 52983
JavaScript error: https://vpn.caict.ac.cn/com/js/common.min.js, line 1: NS_ERROR_NOT_INITIALIZED: 

###!!! [Child][RunMessage] Error: Channel closing: too late to send/recv, messages will be lost


###!!! [Child][MessageChannel::SendAndWait] Error: Channel error: cannot send/recv

1581558780173	mozrunner::runner	INFO	Running command: "C:\\Program Files\\Mozilla Firefox\\firefox.exe" "-marionette" "-foreground" "-no-remote" "-profile" "C:\\Users\\Wayne\\AppData\\Local\\Temp\\rust_mozprofile.sz8CJMEtkxwe"
1581558780852	addons.webextension.doh-rollout@mozilla.org	WARN	Loading extension 'doh-rollout@mozilla.org': Reading manifest: Invalid extension permission: networkStatus
1581558780984	addons.webextension.screenshots@mozilla.org	WARN	Loading extension 'screenshots@mozilla.org': Reading manifest: Invalid extension permission: mozillaAddons
1581558780984	addons.webextension.screenshots@mozilla.org	WARN	Loading extension 'screenshots@mozilla.org': Reading manifest: Invalid extension permission: telemetry
1581558780985	addons.webextension.screenshots@mozilla.org	WARN	Loading extension 'screenshots@mozilla.org': Reading manifest: Invalid extension permission: resource://pdf.js/
1581558780985	addons.webextension.screenshots@mozilla.org	WARN	Loading extension 'screenshots@mozilla.org': Reading manifest: Invalid extension permission: about:reader*
JavaScript error: resource://gre/modules/XULStore.jsm, line 66: Error: Can't find profile directory.
1581558784232	Marionette	INFO	Listening on port 53044
1581558784555	Marionette	WARN	TLS certificate errors will be ignored for this session
JavaScript warning: http://k.caict.ac.cn/ekp/caict/km/js/head.js, line 333: unreachable code after return statement
JavaScript error: http://k.caict.ac.cn/ekp/caict/km/pub/index.jsp?SiteId=11&com.trs.idm.gSessionId=823A22380536EE37710C0EE8E25E27B4-192.168.122.1, line 408: TypeError: document.getElementById(...) is null
JavaScript error: http://k.caict.ac.cn/ekp/caict/km/zhaochengguo/kjcg/, line 57: TypeError: document.getElementById(...) is null
