1542161633944	mozrunner::runner	INFO	Running command: "C:\\Program Files\\Mozilla Firefox\\firefox.exe" "-marionette" "-foreground" "-no-remote" "-profile" "C:\\Users\\Wayne\\AppData\\Local\\Temp\\rust_mozprofile.eO5GCTiu3pdv"
1542161637412	Marionette	INFO	Listening on port 56242
1542161637893	Marionette	WARN	TLS certificate errors will be ignored for this session
JavaScript warning: https://s3.music.126.net/web/s/core_4fd7ed63c40ff22255efe0c97cd737aa.js?4fd7ed63c40ff22255efe0c97cd737aa, line 94: unreachable code after return statement
JavaScript warning: https://s3.music.126.net/web/s/core_4fd7ed63c40ff22255efe0c97cd737aa.js?4fd7ed63c40ff22255efe0c97cd737aa, line 94: unreachable code after return statement
1542161641902	Marionette	INFO	Stopped listening on port 56242
[Parent 9968, Gecko_IOThread] WARNING: pipe error: 109: file z:/build/build/src/ipc/chromium/src/chrome/common/ipc_channel_win.cc, line 346
[Child 3240, Chrome_ChildThread] WARNING: pipe error: 109: file z:/build/build/src/ipc/chromium/src/chrome/common/ipc_channel_win.cc, line 346
[Child 6944, Chrome_ChildThread] WARNING: pipe error: 109: file z:/build/build/src/ipc/chromium/src/chrome/common/ipc_channel_win.cc, line 346
[Child 6944, Chrome_ChildThread] WARNING: pipe error: 109: file z:/build/build/src/ipc/chromium/src/chrome/common/ipc_channel_win.cc, line 346
[Parent 9968, Gecko_IOThread] WARNING: pipe error: 109: file z:/build/build/src/ipc/chromium/src/chrome/common/ipc_channel_win.cc, line 346
[Child 6648, Chrome_ChildThread] WARNING: pipe error: 109: file z:/build/build/src/ipc/chromium/src/chrome/common/ipc_channel_win.cc, line 346
[Child 6648,
###!!! [Child][RunMessage] Error: Channel closing: too late to send/recv, messages will be lost

[GPU 3800, Chrome_Ch
###!!! [Child][MessageChannel::SendAndWait] Error: Channel error: cannot send/recv

1542161723450	mozrunner::runner	INFO	Running command: "C:\\Program Files\\Mozilla Firefox\\firefox.exe" "-marionette" "-foreground" "-no-remote" "-profile" "C:\\Users\\Wayne\\AppData\\Local\\Temp\\rust_mozprofile.vBxDvM08XOmt"
1542161728102	Marionette	INFO	Listening on port 56386
1542161728497	Marionette	WARN	TLS certificate errors will be ignored for this session
JavaScript warning: https://s3.music.126.net/web/s/core_4fd7ed63c40ff22255efe0c97cd737aa.js?4fd7ed63c40ff22255efe0c97cd737aa, line 94: unreachable code after return statement
JavaScript warning: https://s3.music.126.net/web/s/core_4fd7ed63c40ff22255efe0c97cd737aa.js?4fd7ed63c40ff22255efe0c97cd737aa, line 94: unreachable code after return statement
1542161737253	Marionette	INFO	Stopped listening on port 56386
[Parent 12160, Gecko_IOThread] WARNING: pipe error: 109: file z:/build/build/src/ipc/chromium/src/chrome/common/ipc_channel_win.cc, line 346
[Child 5616, Chrome_ChildThread] WARNING: pipe error: 109: file z:/build/build/src/ipc/chromium/src/chrome/common/ipc_channel_win.cc, line 346
[Child 5616, Chrome_ChildThread] WARNING: pipe error: 109: file z:/build/build/src/ipc/chromium/src/chrome/common/ipc_channel_win.cc, line 346
[Child 10204, Chrome_ChildThread] WARNING: pipe error: 109: file z:/build/build/src/ipc/chromium/src/chrome/common/ipc_channel_win.cc, line 346
[Child 10204, Chrome_ChildThread] WARNING: pi[Parent 12160, Gecko_IOThread] WARNING: pipe error: 109: file z:/build/build/src/ipc/chromium/src/chrome/common/ipc_channel_win.cc, line 346
[Child 3996, Chrome_ChildThread] WARNING: pipe error: 109: file z:/build/build/src/ipc/chromium/src/chrome/common/ipc_channel_win.cc, line 346
[Child 3996, Chrome_ChildThread] WARNING: pipe error: 109: file z:/build/build/src/ipc/chromium/src/chrome/common/ipc_channel_win.cc, line 346

###!!! [Child][RunMessage] Error: Channel closing: too late to send/recv, messages will be lost

[GPU 13484, Chrom
###!!! [Child][MessageChannel::SendAndWait] Error: Channel error: cannot send/recv

1542161817377	mozrunner::runner	INFO	Running command: "C:\\Program Files\\Mozilla Firefox\\firefox.exe" "-marionette" "-foreground" "-no-remote" "-profile" "C:\\Users\\Wayne\\AppData\\Local\\Temp\\rust_mozprofile.cUOGgMrJHPqZ"
1542161820296	Marionette	INFO	Listening on port 56493
1542161820639	Marionette	WARN	TLS certificate errors will be ignored for this session
JavaScript warning: https://s3.music.126.net/web/s/core_4fd7ed63c40ff22255efe0c97cd737aa.js?4fd7ed63c40ff22255efe0c97cd737aa, line 94: unreachable code after return statement
JavaScript warning: https://s3.music.126.net/web/s/core_4fd7ed63c40ff22255efe0c97cd737aa.js?4fd7ed63c40ff22255efe0c97cd737aa, line 94: unreachable code after return statement
console.error: "Tried to send a 'tabDetached' event on an already destroyed actor 'frameTarget'"
[Child 3976, Chrome_ChildThread] WARNING: pipe error: 109: file z:/build/build/src/ipc/chromium/src/chrome/common/ipc_channel_win.cc, line 346
[Child 3976, Chrome_ChildThread] WARNING: pipe error: 109: fiIPDL protocol error: Handler returned error code!

###!!! [Parent][DispatchAsyncMessage] Error: PLayerTransaction::Msg_ReleaseLayer Processing error: message was deserialized, but the handler returned false (indicating failure)

IPDL protocol error: Handler returned error code!

###!!! [Parent][DispatchAsyncMessage] Error: PLayerTransaction::Msg_ReleaseLayer Processing error: message was deserialized, but the handler returned false (indicating failure)

IPDL protocol error: Handler returned error code!

###!!! [Parent][DispatchAsyncMessage] Error: PLayerTransaction::Msg_ReleaseLayer Processing error: message was deserialized, but the handler returned false (indicating failure)

IPDL protocol error: Handler returned error code!

###!!! [Parent][DispatchAsyncMessage] Error: PLayerTransaction::Msg_ReleaseLayer Processing error: message was deserialized, but the handler returned false (indicating failure)

IPDL protocol error: Handler returned error code!

###!!! [Parent][DispatchAsyncMessage] Error: PLayerTransaction::Msg_ReleaseLayer Processing error: message was deserialized, but the handler returned false (indicating failure)

IPDL protocol error: Handler returned error code!

###!!! [Parent][DispatchAsyncMessage] Error: PLayerTransaction::Msg_ReleaseLayer Processing error: message was deserialized, but the handler returned false (indicating failure)

IPDL protocol error: Handler returned error code!

###!!! [Parent][DispatchAsyncMessage] Error: PLayerTransaction::Msg_ReleaseLayer Processing error: message was deserialized, but the handler returned false (indicating failure)

IPDL protocol error: Handler returned error code!

###!!! [Parent][DispatchAsyncMessage] Error: PLayerTransaction::Msg_ReleaseLayer Processing error: message was deserialized, but the handler returned false (indicating failure)

IPDL protocol error: Handler returned error code!

###!!! [Parent][DispatchAsyncMessage] Error: PLayerTransaction::Msg_ReleaseLayer Processing error: message was deserialized, but the handler returned false (indicating failure)

IPDL protocol error: Handler returned error code!

###!!! [Parent][DispatchAsyncMessage] Error: PLayerTransaction::Msg_ReleaseLayer Processing error: message was deserialized, but the handler returned false (indicating failure)

[Parent 1076, Gecko_IOThread] WARNING: pipe error: 109: file z:/build/build/src/ipc/chromium/src/chrome/common/ipc_channel_win.cc, line 346
[Child 5248, Chrome_ChildThread] WARNING: pipe error: 109: file z:/build/build/src/ipc/chromium/src/chrome/common/ipc_channel_win.cc, line 346
[Child 5248, Chrome_ChildThread] WARNING: pipe error: 109: file z:/build/build/src/ipc/chromium/src/chrome/common/ipc_channel_win.cc, line 346
[Parent 1076, Gecko_IOThread] WARNING: pipe error: 109: file z:/build/build/src/ipc/chromium/src/chrome/common/ipc_channel_win.cc, line 346
[Child 6488, Chrome_ChildThread] WARNING: pipe error: 109: file z:/build/build/src/ipc/chromium/src/chrome/common/ipc_channel_win.cc, line 346
[Child 6488, Chrome_ChildThread] WARNING1542161859125	Marionette	INFO	Stopped listening on port 56493

###!!! [Child][RunMessage] Error: Channel closing: too late to send/recv, messages will be lost


###!!! [Child][MessageChannel::SendAndWait] Error: Channel error: cannot send/recv

1542161882064	mozrunner::runner	INFO	Running command: "C:\\Program Files\\Mozilla Firefox\\firefox.exe" "-marionette" "-foreground" "-no-remote" "-profile" "C:\\Users\\Wayne\\AppData\\Local\\Temp\\rust_mozprofile.HEYVtRoAe9BB"
1542161886411	Marionette	INFO	Listening on port 56594
1542161886474	Marionette	WARN	TLS certificate errors will be ignored for this session
JavaScript warning: https://s3.music.126.net/web/s/core_4fd7ed63c40ff22255efe0c97cd737aa.js?4fd7ed63c40ff22255efe0c97cd737aa, line 94: unreachable code after return statement
JavaScript warning: https://s3.music.126.net/web/s/core_4fd7ed63c40ff22255efe0c97cd737aa.js?4fd7ed63c40ff22255efe0c97cd737aa, line 94: unreachable code after return statement
1542161896439	Marionette	INFO	Stopped listening on port 56594
[Parent 10572, Gecko_IOThread] WARNING: pipe error: 109: file z:/build/build/src/ipc/chromium/src/chrome/common/ipc_channel_win.cc, line 346
[Child 13848, Chrome_ChildThread] WARNING: pipe error: 109: file z:/build/build/src/ipc/chromium/src/chrome/common/ipc_channel_win.cc, line 346
[Child 13848, Chrome_ChildThread] W[Parent 10572, Gecko_IOThread] WARNING: pipe error: 109: file z:/build/build/src/ipc/chromium/src/chrome/common/ipc_channel_win.cc, line 346

###!!! [Child][MessageChannel::SendAndWait] Error: Channel error: cannot send/recv

1542162133490	mozrunner::runner	INFO	Running command: "C:\\Program Files\\Mozilla Firefox\\firefox.exe" "-marionette" "-foreground" "-no-remote" "-profile" "C:\\Users\\Wayne\\AppData\\Local\\Temp\\rust_mozprofile.qAR7yWVcYIu9"
1542162136302	Marionette	INFO	Listening on port 56946
1542162136745	Marionette	WARN	TLS certificate errors will be ignored for this session
JavaScript warning: https://www.googletagmanager.com/gtag/js?id=UA-16079156-4, line 83: unreachable code after return statement
JavaScript warning: https://www.googletagmanager.com/gtag/js?id=UA-16079156-4, line 143: unreachable code after return statement
JavaScript warning: https://www.googletagmanager.com/gtag/js?id=UA-16079156-4, line 143: unreachable code after return statement
JavaScript warning: https://www.googletagmanager.com/gtag/js?id=UA-16079156-4, line 143: unreachable code after return statement
JavaScript warning: https://www.googletagmanager.com/gtag/js?id=UA-16079156-4, line 83: unreachable code after return statement
JavaScript warning: https://www.googletagmanager.com/gtag/js?id=UA-16079156-4, line 143: unreachable code after return statement
1542162150440	Marionette	INFO	Stopped listening on port 56946
[Child 12300, Chrome_ChildThread] WARNING: pipe error: 109: file z:/build/build/src/ipc/chromium/src/chrome/common/ipc_channel_win.cc, line 346
[Child 12300, Chrome_ChildThread] WARNING: pipe error: 109: file z:/build/build/src/ipc/chromium/src/chrome/common/ipc_channel_win.cc, line 346
[Child 10204, Chrome_ChildThread] WARNING: pipe e
###!!! [Child][RunMessage] Error: Channel closing: too late to send/recv, messages will be lost

rror: 109: file z:/build/build/src/ipc/chromium/src/chrome/common/ipc_channel_win.cc, line 346
[Child 10204, Chrome_ChildThread] WARNING: pipe error: 109: file z:/build/build/src/ipc/chromium/src/chrome/common/ipc_channel_win.cc, line 346
[Parent 880, Gecko_IOThread] WARNING: pipe error: 109: file z:/build/build/src/ipc/chromium/src/chrome/common/ipc_channel_win.cc, line 346
[Child 11644, Chrome_ChildThread] WARNING: pipe error: 109: file z:/build/build/src/ipc/chromium/src/chrome/common/ipc_channel_win.cc, line 346
[Child 11[GPU 11820, Chrome
###!!! [Child][MessageChannel::SendAndWait] Error: Channel error: cannot send/recv

1542162364560	mozrunner::runner	INFO	Running command: "C:\\Program Files\\Mozilla Firefox\\firefox.exe" "-marionette" "-foreground" "-no-remote" "-profile" "C:\\Users\\Wayne\\AppData\\Local\\Temp\\rust_mozprofile.Dk13J9w0S7Zv"
1542162367269	Marionette	INFO	Listening on port 57098
1542162367314	Marionette	WARN	TLS certificate errors will be ignored for this session
JavaScript warning: https://www.googletagmanager.com/gtag/js?id=UA-16079156-4, line 83: unreachable code after return statement
JavaScript warning: https://www.googletagmanager.com/gtag/js?id=UA-16079156-4, line 143: unreachable code after return statement
JavaScript warning: https://www.googletagmanager.com/gtag/js?id=UA-16079156-4, line 143: unreachable code after return statement
JavaScript warning: https://www.googletagmanager.com/gtag/js?id=UA-16079156-4, line 143: unreachable code after return statement
JavaScript warning: https://www.googletagmanager.com/gtag/js?id=UA-16079156-4, line 83: unreachable code after return statement
JavaScript warning: https://www.googletagmanager.com/gtag/js?id=UA-16079156-4, line 143: unreachable code after return statement
1542162381207	Marionette	INFO	Stopped listening on port 57098
[Parent 8700, Gecko_IOThread] WARNING: pipe error: 109: file z:/build/build/src/ipc/chromium/src/chrome/common/ipc_channel_win.cc, line 346
[Parent 8700, Gecko_IOThread] WARNING: pipe error: 109: file z:/build/build/src/ipc/chromium/src/chrome/common/ipc_channel_win.cc, line 346

###!!! [Child][RunMessage] Error: Channel closing: too late to send/recv, messages will be lost


###!!! [Child][RunMessage] Error: Channel closing: too late to send/recv, messages will be lost


###!!! [Child][MessageChannel::SendAndWait] Error: Channel error: cannot send/recv

1542162394947	mozrunner::runner	INFO	Running command: "C:\\Program Files\\Mozilla Firefox\\firefox.exe" "-marionette" "-foreground" "-no-remote" "-profile" "C:\\Users\\Wayne\\AppData\\Local\\Temp\\rust_mozprofile.0tFKQtN2awNs"
1542162398370	Marionette	INFO	Listening on port 57160
1542162398838	Marionette	WARN	TLS certificate errors will be ignored for this session
JavaScript warning: https://s3.music.126.net/web/s/core_4fd7ed63c40ff22255efe0c97cd737aa.js?4fd7ed63c40ff22255efe0c97cd737aa, line 94: unreachable code after return statement
JavaScript warning: https://s3.music.126.net/web/s/core_4fd7ed63c40ff22255efe0c97cd737aa.js?4fd7ed63c40ff22255efe0c97cd737aa, line 94: unreachable code after return statement
1542162407323	Marionette	INFO	Stopped listening on port 57160
[Parent 5336, Gecko_IOThread] WARNING: pipe error: 109: file z:/build/build/src/ipc/chromium/src/chrome/common/ipc_channel_win.cc, line 346
[Child 12144, Chrome_ChildThread] WARNING: pipe error: 109: file z:/build/build/src/ipc/chromium/src/chrome/common/ipc_channel_win.cc, line 346
[Child 12144, Chrome_ChildThread] WARNING: pipe error: 109: file z:/build/build/src/ipc/chromium/src/chrome/common/ipc_channel_win.cc, line 346
[GPU 7096, Chrome_C
###!!! [Child][RunMessage] Error: Channel closing: too late to send/recv, messages will be lost


###!!! [Child][MessageChannel::SendAndWait] Error: Channel error: cannot send/recv

1542162770596	mozrunner::runner	INFO	Running command: "C:\\Program Files\\Mozilla Firefox\\firefox.exe" "-marionette" "-foreground" "-no-remote" "-profile" "C:\\Users\\Wayne\\AppData\\Local\\Temp\\rust_mozprofile.GpgGxDYQ5P33"
1542162773656	Marionette	INFO	Listening on port 57363
1542162773883	Marionette	WARN	TLS certificate errors will be ignored for this session
JavaScript warning: https://s3.music.126.net/web/s/core_4fd7ed63c40ff22255efe0c97cd737aa.js?4fd7ed63c40ff22255efe0c97cd737aa, line 94: unreachable code after return statement
JavaScript warning: https://s3.music.126.net/web/s/core_4fd7ed63c40ff22255efe0c97cd737aa.js?4fd7ed63c40ff22255efe0c97cd737aa, line 94: unreachable code after return statement
1542162783369	Marionette	INFO	Stopped listening on port 57363
[Parent 9924, Gecko_IOThread] WARNING: pipe error: 109: file z:/build/build/src/ipc/chromium/src/chrome/common/ipc_channel_win.cc, line 346
[Child 3816, Chrome_ChildThread] WARNING: pipe error: 109: file z:/build/build/src/ipc/chromium/src/chrome/common/ipc_channel_win.cc, line 346
[Parent 9924, Gecko_IOThread] WARNING: pipe error: 109: file z:/build/build/src/ipc/chromium/src/chrome/common/ipc_channel_win.cc, line 346
[Child 10620, Chrome_ChildThread] WARNING: pipe error: 109: file z:/build/build/src/ipc/chromium/src/chrome/common/ipc_channel_win.cc, line 346
[Child 1062[GPU 4968, Chrome_ChildThread] WARNING: p
###!!! [Child][RunMessage] Error: Channel closing: too late to send/recv, messages will be lost

ipe error: 109: fi
###!!! [Child][MessageChannel::SendAndWait] Error: Channel error: cannot send/recv

1542164110056	mozrunner::runner	INFO	Running command: "C:\\Program Files\\Mozilla Firefox\\firefox.exe" "-marionette" "-foreground" "-no-remote" "-profile" "C:\\Users\\Wayne\\AppData\\Local\\Temp\\rust_mozprofile.JV9DizvdhkpJ"
1542164113359	Marionette	INFO	Listening on port 50981
1542164113477	Marionette	WARN	TLS certificate errors will be ignored for this session
JavaScript warning: https://s3.music.126.net/web/s/core_4fd7ed63c40ff22255efe0c97cd737aa.js?4fd7ed63c40ff22255efe0c97cd737aa, line 94: unreachable code after return statement
JavaScript warning: https://s3.music.126.net/web/s/core_4fd7ed63c40ff22255efe0c97cd737aa.js?4fd7ed63c40ff22255efe0c97cd737aa, line 94: unreachable code after return statement
1542164122400	Marionette	INFO	Stopped listening on port 50981
[Parent 13756, Gecko_IOThread] WARNING: pipe error: 109: file z:/build/build/src/ipc/chromium/src/chrome/common/ipc_channel_win.cc, line 346
[Parent 13756, Gecko_IOThread] WARNING: pipe error: 109: file z:/build/build/src/ipc/chromium/src/chrome/common/ipc_channel_win.cc, line 346
[Parent 13756, Gecko_IOThread] WARNING: pipe error: 109: file z:/build/build/src/ipc/chromium/src/chrome/common/ipc_channel_win.cc, line 346
[Child 9112, Chrome_ChildThread] WARNING: pipe error: 109: file z:/build/build/src/ipc/chromium/src/chrome/common/ipc_channel_win.cc, line 346
[Child 9112, [GPU 2180, Chro
###!!! [Child][RunMessage] Error: Channel closing: too late to send/recv, messages will be lost


###!!! [Child][MessageChannel::SendAndWait] Error: Channel error: cannot send/recv

1542165585459	mozrunner::runner	INFO	Running command: "C:\\Program Files\\Mozilla Firefox\\firefox.exe" "-marionette" "-foreground" "-no-remote" "-profile" "C:\\Users\\Wayne\\AppData\\Local\\Temp\\rust_mozprofile.MsREZoJcAP3G"
1542165588918	Marionette	INFO	Listening on port 54186
1542165589347	Marionette	WARN	TLS certificate errors will be ignored for this session
JavaScript warning: https://s3.music.126.net/web/s/core_4fd7ed63c40ff22255efe0c97cd737aa.js?4fd7ed63c40ff22255efe0c97cd737aa, line 94: unreachable code after return statement
JavaScript warning: https://s3.music.126.net/web/s/core_4fd7ed63c40ff22255efe0c97cd737aa.js?4fd7ed63c40ff22255efe0c97cd737aa, line 94: unreachable code after return statement
[Child 1188, Chrome_ChildThread] WARNING: pipe error: 109: file z:/build/build/src/ipc/chromium/src/chrome/common/ipc_channel_win.cc, line 346
[Child 1188, Chrome_ChildThread] WARNING: pipe error: 109: file z:/build[Parent 13492, Gecko_IOThread] WARNING: pipe error: 109: file z:/build/build/src/ipc/chromium/src/chrome/common/ipc_channel_win.cc, line 346
[Child 8936, Chrome_ChildThread] WARNING: pipe error: 109: file z:/build/build/src/ipc/chromium/src/chrome/common/ipc_channel_win.cc, line 346
[Child 8931542165605911	Marionette	INFO	Stopped listening on port 54186

###!!! [Child][RunMessage] Error: Channel closing: too late to send/recv, messages will be lost

[GPU 8264, Chrome_C
###!!! [Child][MessageChannel::SendAndWait] Error: Channel error: cannot send/recv

1542165627259	mozrunner::runner	INFO	Running command: "C:\\Program Files\\Mozilla Firefox\\firefox.exe" "-marionette" "-foreground" "-no-remote" "-profile" "C:\\Users\\Wayne\\AppData\\Local\\Temp\\rust_mozprofile.hWISYpHmTh7b"
1542165631800	Marionette	INFO	Listening on port 54322
1542165632312	Marionette	WARN	TLS certificate errors will be ignored for this session
JavaScript warning: https://s3.music.126.net/web/s/core_4fd7ed63c40ff22255efe0c97cd737aa.js?4fd7ed63c40ff22255efe0c97cd737aa, line 94: unreachable code after return statement
JavaScript warning: https://s3.music.126.net/web/s/core_4fd7ed63c40ff22255efe0c97cd737aa.js?4fd7ed63c40ff22255efe0c97cd737aa, line 94: unreachable code after return statement
1542165641226	Marionette	INFO	Stopped listening on port 54322
[Parent 12096, Gecko_IOThread] WARNING: pipe error: 109: file z:/build/build/src/ipc/chromium/src/chrome/common/ipc_channel_win.cc, line 346
[Child 1052, Chrome_ChildThread] WARNING: pipe error: 109: file z:/build/build/src/ipc/chromium/src/chrome/common/ipc_channel_win.cc, line 346
[Child 1052, Chrome_ChildThread] WARNING: pipe error: 109: f[Parent 12096, Gecko_IOThread] WARNING: pipe error: 109: file z:/build/build/src/ipc/chromium/src/chrome/common/ipc_channel_win.cc, line 346
[Parent 12096, Gecko_IOThread] WARNING: pipe error: 109: file z:/build/build/src/ipc/chromium/src/chrome/common/ipc_channel_win.cc, line 346

###!!! [Child][RunMessage] Error: Channel closing: too late to send/recv, messages will be lost


###!!! [Child][MessageChannel::SendAndWait] Error: Channel error: cannot send/recv

1542166040516	mozrunner::runner	INFO	Running command: "C:\\Program Files\\Mozilla Firefox\\firefox.exe" "-marionette" "-foreground" "-no-remote" "-profile" "C:\\Users\\Wayne\\AppData\\Local\\Temp\\rust_mozprofile.VujvEFaIwU0m"
1542166046280	Marionette	INFO	Listening on port 54684
1542166046762	Marionette	WARN	TLS certificate errors will be ignored for this session
JavaScript warning: https://s3.music.126.net/web/s/core_4fd7ed63c40ff22255efe0c97cd737aa.js?4fd7ed63c40ff22255efe0c97cd737aa, line 94: unreachable code after return statement
JavaScript warning: https://s3.music.126.net/web/s/core_4fd7ed63c40ff22255efe0c97cd737aa.js?4fd7ed63c40ff22255efe0c97cd737aa, line 94: unreachable code after return statement
1542166055844	Marionette	INFO	Stopped listening on port 54684
[Parent 15352, Gecko_IOThread] WARNING: pipe error: 109: file z:/build/build/src/ipc/chromium/src/chrome/common/ipc_channel_win.cc, line 346
[Parent 15352, Gecko_IOThread] WARNING: pipe error: 109: file z:/build/build/src/ipc/chromium/src/chrome/common/ipc_channel_win.cc, line 346
[Child 8516, Chrome_ChildThread] WARNING: pipe error: 109: file z:/build/build/src/ipc/chromium/src/chrome/common/ipc_channel_win.cc, line 346
[Child 8516, Chrome_ChildThread] WARNING: pipe error: 109: file z:/build/build/src/ipc[Parent 15352, Gecko_IOThread] WARNING: pipe error: 109: file z:/build/build/src/ipc/chromium/src/chrome/common/ipc_channel_win.cc, line 346
[GPU 12480, Chrome_Ch
###!!! [Child][MessageChannel::SendAndWait] Error: Channel error: cannot send/recv

1542166072002	mozrunner::runner	INFO	Running command: "C:\\Program Files\\Mozilla Firefox\\firefox.exe" "-marionette" "-foreground" "-no-remote" "-profile" "C:\\Users\\Wayne\\AppData\\Local\\Temp\\rust_mozprofile.26wPAd5bQBT8"
1542166075256	Marionette	INFO	Listening on port 54776
1542166075289	Marionette	WARN	TLS certificate errors will be ignored for this session
JavaScript warning: https://s3.music.126.net/web/s/core_4fd7ed63c40ff22255efe0c97cd737aa.js?4fd7ed63c40ff22255efe0c97cd737aa, line 94: unreachable code after return statement
JavaScript warning: https://s3.music.126.net/web/s/core_4fd7ed63c40ff22255efe0c97cd737aa.js?4fd7ed63c40ff22255efe0c97cd737aa, line 94: unreachable code after return statement
1542166084538	Marionette	INFO	Stopped listening on port 54776
[Parent 9352, Gecko_IOThread] WARNING: pipe error: 109: file z:/build/build/src/ipc/chromium/src/chrome/common/ipc_channel_win.cc, line 346
[Parent 9352, Gecko_IOThread] WARNING: pipe error: 109: file z:/build/build/src/ipc/chromium/src/chrome/common/ipc_channel_win.cc, line 346
[Child 11776, Chrome_ChildThread] WARNING: pipe error: 109: file z:/build/build/src/ipc/chromium/src/chrome/common/ipc_channel_win.cc, line 346
[Child 11776, Chrome_ChildThread] WARNING: pipe error: 109: file z:/build/build/src/[GPU 15180, Chrome_Child
###!!! [Child][RunMessage] Error: Channel closing: too late to send/recv, messages will be lost


###!!! [Child][MessageChannel::SendAndWait] Error: Channel error: cannot send/recv

